{"C:\\Users\\aro3o1\\repos\\vteam\\backend\\app.js": {"path":"C:\\Users\\aro3o1\\repos\\vteam\\backend\\app.js","statementMap":{"0":{"start":{"line":1,"column":0},"end":{"line":1,"column":27}},"1":{"start":{"line":3,"column":16},"end":{"line":3,"column":34}},"2":{"start":{"line":4,"column":13},"end":{"line":4,"column":28}},"3":{"start":{"line":6,"column":19},"end":{"line":6,"column":41}},"4":{"start":{"line":7,"column":12},"end":{"line":7,"column":21}},"5":{"start":{"line":10,"column":18},"end":{"line":10,"column":42}},"6":{"start":{"line":11,"column":18},"end":{"line":11,"column":42}},"7":{"start":{"line":12,"column":18},"end":{"line":12,"column":42}},"8":{"start":{"line":13,"column":21},"end":{"line":13,"column":48}},"9":{"start":{"line":14,"column":18},"end":{"line":14,"column":42}},"10":{"start":{"line":15,"column":24},"end":{"line":15,"column":54}},"11":{"start":{"line":16,"column":17},"end":{"line":16,"column":40}},"12":{"start":{"line":19,"column":0},"end":{"line":19,"column":16}},"13":{"start":{"line":23,"column":19},"end":{"line":23,"column":37}},"14":{"start":{"line":24,"column":4},"end":{"line":30,"column":5}},"15":{"start":{"line":28,"column":8},"end":{"line":28,"column":30}},"16":{"start":{"line":29,"column":8},"end":{"line":29,"column":63}},"17":{"start":{"line":32,"column":4},"end":{"line":32,"column":11}},"18":{"start":{"line":36,"column":0},"end":{"line":45,"column":3}},"19":{"start":{"line":37,"column":4},"end":{"line":44,"column":5}},"20":{"start":{"line":41,"column":8},"end":{"line":41,"column":22}},"21":{"start":{"line":43,"column":8},"end":{"line":43,"column":39}},"22":{"start":{"line":47,"column":0},"end":{"line":47,"column":28}},"23":{"start":{"line":48,"column":0},"end":{"line":48,"column":27}},"24":{"start":{"line":49,"column":0},"end":{"line":49,"column":51}},"25":{"start":{"line":51,"column":0},"end":{"line":53,"column":3}},"26":{"start":{"line":52,"column":4},"end":{"line":52,"column":50}},"27":{"start":{"line":57,"column":0},"end":{"line":57,"column":30}},"28":{"start":{"line":58,"column":0},"end":{"line":58,"column":31}},"29":{"start":{"line":59,"column":0},"end":{"line":59,"column":31}},"30":{"start":{"line":60,"column":0},"end":{"line":60,"column":37}},"31":{"start":{"line":61,"column":0},"end":{"line":61,"column":31}},"32":{"start":{"line":62,"column":0},"end":{"line":62,"column":43}},"33":{"start":{"line":63,"column":0},"end":{"line":63,"column":29}},"34":{"start":{"line":65,"column":0},"end":{"line":65,"column":21}}},"fnMap":{"0":{"name":"validateApiKey","decl":{"start":{"line":22,"column":9},"end":{"line":22,"column":23}},"loc":{"start":{"line":22,"column":40},"end":{"line":33,"column":1}},"line":22},"1":{"name":"(anonymous_1)","decl":{"start":{"line":36,"column":8},"end":{"line":36,"column":9}},"loc":{"start":{"line":36,"column":28},"end":{"line":45,"column":1}},"line":36},"2":{"name":"(anonymous_2)","decl":{"start":{"line":51,"column":13},"end":{"line":51,"column":14}},"loc":{"start":{"line":51,"column":27},"end":{"line":53,"column":1}},"line":51}},"branchMap":{"0":{"loc":{"start":{"line":24,"column":4},"end":{"line":30,"column":5}},"type":"if","locations":[{"start":{"line":24,"column":4},"end":{"line":30,"column":5}},{"start":{},"end":{}}],"line":24},"1":{"loc":{"start":{"line":25,"column":8},"end":{"line":26,"column":44}},"type":"binary-expr","locations":[{"start":{"line":25,"column":9},"end":{"line":25,"column":16}},{"start":{"line":25,"column":20},"end":{"line":25,"column":44}},{"start":{"line":26,"column":8},"end":{"line":26,"column":44}}],"line":25},"2":{"loc":{"start":{"line":37,"column":4},"end":{"line":44,"column":5}},"type":"if","locations":[{"start":{"line":37,"column":4},"end":{"line":44,"column":5}},{"start":{"line":42,"column":11},"end":{"line":44,"column":5}}],"line":37},"3":{"loc":{"start":{"line":38,"column":8},"end":{"line":39,"column":43}},"type":"binary-expr","locations":[{"start":{"line":38,"column":8},"end":{"line":38,"column":43}},{"start":{"line":39,"column":8},"end":{"line":39,"column":43}}],"line":38}},"s":{"0":1,"1":1,"2":1,"3":1,"4":1,"5":1,"6":1,"7":1,"8":1,"9":1,"10":1,"11":1,"12":1,"13":17,"14":17,"15":0,"16":0,"17":17,"18":1,"19":17,"20":0,"21":17,"22":1,"23":1,"24":1,"25":1,"26":0,"27":1,"28":1,"29":1,"30":1,"31":1,"32":1,"33":1,"34":1},"f":{"0":17,"1":17,"2":0},"b":{"0":[0,17],"1":[17,17,0],"2":[0,17],"3":[17,17]},"_coverageSchema":"1a1c01bbd47fc00a2c39e90264f33305004495a9","hash":"2d53cdf00b3ec7301719f15da44c97f6d4d165a8"}
,"C:\\Users\\aro3o1\\repos\\vteam\\backend\\databases\\sql\\database.js": {"path":"C:\\Users\\aro3o1\\repos\\vteam\\backend\\databases\\sql\\database.js","statementMap":{"0":{"start":{"line":2,"column":11},"end":{"line":2,"column":24}},"1":{"start":{"line":3,"column":16},"end":{"line":3,"column":44}},"2":{"start":{"line":7,"column":0},"end":{"line":7,"column":29}},"3":{"start":{"line":8,"column":11},"end":{"line":8,"column":20}},"4":{"start":{"line":10,"column":0},"end":{"line":14,"column":1}},"5":{"start":{"line":11,"column":2},"end":{"line":11,"column":23}},"6":{"start":{"line":13,"column":2},"end":{"line":13,"column":28}},"7":{"start":{"line":16,"column":0},"end":{"line":22,"column":3}},"8":{"start":{"line":17,"column":2},"end":{"line":21,"column":3}},"9":{"start":{"line":18,"column":4},"end":{"line":18,"column":61}},"10":{"start":{"line":20,"column":4},"end":{"line":20,"column":53}},"11":{"start":{"line":25,"column":0},"end":{"line":39,"column":1}},"12":{"start":{"line":26,"column":2},"end":{"line":38,"column":7}},"13":{"start":{"line":33,"column":6},"end":{"line":37,"column":7}},"14":{"start":{"line":34,"column":8},"end":{"line":34,"column":27}},"15":{"start":{"line":36,"column":8},"end":{"line":36,"column":56}},"16":{"start":{"line":41,"column":0},"end":{"line":41,"column":20}}},"fnMap":{"0":{"name":"(anonymous_0)","decl":{"start":{"line":16,"column":32},"end":{"line":16,"column":33}},"loc":{"start":{"line":16,"column":41},"end":{"line":22,"column":1}},"line":16},"1":{"name":"(anonymous_1)","decl":{"start":{"line":32,"column":6},"end":{"line":32,"column":7}},"loc":{"start":{"line":32,"column":21},"end":{"line":38,"column":5}},"line":32}},"branchMap":{"0":{"loc":{"start":{"line":10,"column":0},"end":{"line":14,"column":1}},"type":"if","locations":[{"start":{"line":10,"column":0},"end":{"line":14,"column":1}},{"start":{"line":12,"column":7},"end":{"line":14,"column":1}}],"line":10},"1":{"loc":{"start":{"line":17,"column":2},"end":{"line":21,"column":3}},"type":"if","locations":[{"start":{"line":17,"column":2},"end":{"line":21,"column":3}},{"start":{"line":19,"column":9},"end":{"line":21,"column":3}}],"line":17},"2":{"loc":{"start":{"line":25,"column":0},"end":{"line":39,"column":1}},"type":"if","locations":[{"start":{"line":25,"column":0},"end":{"line":39,"column":1}},{"start":{},"end":{}}],"line":25},"3":{"loc":{"start":{"line":33,"column":6},"end":{"line":37,"column":7}},"type":"if","locations":[{"start":{"line":33,"column":6},"end":{"line":37,"column":7}},{"start":{"line":35,"column":13},"end":{"line":37,"column":7}}],"line":33}},"s":{"0":1,"1":1,"2":1,"3":1,"4":1,"5":0,"6":1,"7":1,"8":1,"9":0,"10":1,"11":1,"12":0,"13":0,"14":0,"15":0,"16":1},"f":{"0":1,"1":0},"b":{"0":[0,1],"1":[0,1],"2":[0,1],"3":[0,0]},"_coverageSchema":"1a1c01bbd47fc00a2c39e90264f33305004495a9","hash":"c2f3aa9cdfa130b535e724339a3784f65925546d"}
,"C:\\Users\\aro3o1\\repos\\vteam\\backend\\models\\auth.js": {"path":"C:\\Users\\aro3o1\\repos\\vteam\\backend\\models\\auth.js","statementMap":{"0":{"start":{"line":1,"column":16},"end":{"line":1,"column":34}},"1":{"start":{"line":2,"column":15},"end":{"line":2,"column":31}},"2":{"start":{"line":3,"column":18},"end":{"line":3,"column":43}},"3":{"start":{"line":5,"column":15},"end":{"line":5,"column":34}},"4":{"start":{"line":6,"column":17},"end":{"line":6,"column":51}},"5":{"start":{"line":7,"column":17},"end":{"line":7,"column":56}},"6":{"start":{"line":8,"column":16},"end":{"line":8,"column":42}},"7":{"start":{"line":9,"column":0},"end":{"line":9,"column":27}},"8":{"start":{"line":13,"column":4},"end":{"line":19,"column":8}},"9":{"start":{"line":20,"column":4},"end":{"line":20,"column":38}},"10":{"start":{"line":21,"column":4},"end":{"line":21,"column":35}},"11":{"start":{"line":25,"column":4},"end":{"line":79,"column":7}},"12":{"start":{"line":34,"column":12},"end":{"line":67,"column":15}},"13":{"start":{"line":38,"column":16},"end":{"line":38,"column":50}},"14":{"start":{"line":38,"column":27},"end":{"line":38,"column":48}},"15":{"start":{"line":40,"column":16},"end":{"line":65,"column":17}},"16":{"start":{"line":41,"column":29},"end":{"line":41,"column":40}},"17":{"start":{"line":43,"column":20},"end":{"line":56,"column":23}},"18":{"start":{"line":48,"column":24},"end":{"line":48,"column":58}},"19":{"start":{"line":48,"column":35},"end":{"line":48,"column":56}},"20":{"start":{"line":50,"column":35},"end":{"line":54,"column":25}},"21":{"start":{"line":55,"column":24},"end":{"line":55,"column":45}},"22":{"start":{"line":59,"column":20},"end":{"line":63,"column":23}},"23":{"start":{"line":60,"column":24},"end":{"line":60,"column":58}},"24":{"start":{"line":60,"column":35},"end":{"line":60,"column":56}},"25":{"start":{"line":61,"column":24},"end":{"line":61,"column":45}},"26":{"start":{"line":68,"column":4},"end":{"line":70,"column":7}},"27":{"start":{"line":69,"column":8},"end":{"line":69,"column":35}},"28":{"start":{"line":72,"column":4},"end":{"line":76,"column":7}},"29":{"start":{"line":73,"column":8},"end":{"line":75,"column":11}},"30":{"start":{"line":74,"column":12},"end":{"line":74,"column":31}},"31":{"start":{"line":80,"column":4},"end":{"line":80,"column":17}},"32":{"start":{"line":83,"column":0},"end":{"line":83,"column":28}}},"fnMap":{"0":{"name":"enableAuth","decl":{"start":{"line":11,"column":9},"end":{"line":11,"column":19}},"loc":{"start":{"line":11,"column":22},"end":{"line":81,"column":1}},"line":11},"1":{"name":"verify","decl":{"start":{"line":32,"column":17},"end":{"line":32,"column":23}},"loc":{"start":{"line":32,"column":69},"end":{"line":77,"column":9}},"line":32},"2":{"name":"(anonymous_2)","decl":{"start":{"line":37,"column":15},"end":{"line":37,"column":16}},"loc":{"start":{"line":37,"column":35},"end":{"line":67,"column":13}},"line":37},"3":{"name":"(anonymous_3)","decl":{"start":{"line":47,"column":23},"end":{"line":47,"column":24}},"loc":{"start":{"line":47,"column":37},"end":{"line":56,"column":21}},"line":47},"4":{"name":"(anonymous_4)","decl":{"start":{"line":59,"column":98},"end":{"line":59,"column":99}},"loc":{"start":{"line":59,"column":118},"end":{"line":63,"column":21}},"line":59},"5":{"name":"(anonymous_5)","decl":{"start":{"line":68,"column":27},"end":{"line":68,"column":28}},"loc":{"start":{"line":68,"column":52},"end":{"line":70,"column":5}},"line":68},"6":{"name":"(anonymous_6)","decl":{"start":{"line":72,"column":29},"end":{"line":72,"column":30}},"loc":{"start":{"line":72,"column":56},"end":{"line":76,"column":5}},"line":72},"7":{"name":"(anonymous_7)","decl":{"start":{"line":73,"column":71},"end":{"line":73,"column":72}},"loc":{"start":{"line":73,"column":91},"end":{"line":75,"column":9}},"line":73}},"branchMap":{"0":{"loc":{"start":{"line":38,"column":16},"end":{"line":38,"column":50}},"type":"if","locations":[{"start":{"line":38,"column":16},"end":{"line":38,"column":50}},{"start":{},"end":{}}],"line":38},"1":{"loc":{"start":{"line":40,"column":16},"end":{"line":65,"column":17}},"type":"if","locations":[{"start":{"line":40,"column":16},"end":{"line":65,"column":17}},{"start":{"line":57,"column":23},"end":{"line":65,"column":17}}],"line":40},"2":{"loc":{"start":{"line":48,"column":24},"end":{"line":48,"column":58}},"type":"if","locations":[{"start":{"line":48,"column":24},"end":{"line":48,"column":58}},{"start":{},"end":{}}],"line":48},"3":{"loc":{"start":{"line":60,"column":24},"end":{"line":60,"column":58}},"type":"if","locations":[{"start":{"line":60,"column":24},"end":{"line":60,"column":58}},{"start":{},"end":{}}],"line":60}},"s":{"0":1,"1":1,"2":1,"3":1,"4":1,"5":1,"6":1,"7":1,"8":1,"9":1,"10":1,"11":1,"12":0,"13":0,"14":0,"15":0,"16":0,"17":0,"18":0,"19":0,"20":0,"21":0,"22":0,"23":0,"24":0,"25":0,"26":0,"27":0,"28":0,"29":0,"30":0,"31":1,"32":1},"f":{"0":1,"1":0,"2":0,"3":0,"4":0,"5":0,"6":0,"7":0},"b":{"0":[0,0],"1":[0,0],"2":[0,0],"3":[0,0]},"_coverageSchema":"1a1c01bbd47fc00a2c39e90264f33305004495a9","hash":"6bfcdc50c73843eeef7b8c40702a5415ce80b4d2"}
,"C:\\Users\\aro3o1\\repos\\vteam\\backend\\models\\city.js": {"path":"C:\\Users\\aro3o1\\repos\\vteam\\backend\\models\\city.js","statementMap":{"0":{"start":{"line":1,"column":17},"end":{"line":1,"column":56}},"1":{"start":{"line":7,"column":18},"end":{"line":108,"column":1}},"2":{"start":{"line":14,"column":8},"end":{"line":17,"column":11}},"3":{"start":{"line":15,"column":12},"end":{"line":15,"column":35}},"4":{"start":{"line":15,"column":23},"end":{"line":15,"column":35}},"5":{"start":{"line":16,"column":12},"end":{"line":16,"column":30}},"6":{"start":{"line":27,"column":20},"end":{"line":27,"column":67}},"7":{"start":{"line":28,"column":8},"end":{"line":31,"column":11}},"8":{"start":{"line":29,"column":8},"end":{"line":29,"column":31}},"9":{"start":{"line":29,"column":19},"end":{"line":29,"column":31}},"10":{"start":{"line":30,"column":8},"end":{"line":30,"column":26}},"11":{"start":{"line":41,"column":20},"end":{"line":41,"column":70}},"12":{"start":{"line":42,"column":23},"end":{"line":42,"column":67}},"13":{"start":{"line":44,"column":8},"end":{"line":52,"column":11}},"14":{"start":{"line":45,"column":8},"end":{"line":49,"column":9}},"15":{"start":{"line":46,"column":12},"end":{"line":46,"column":43}},"16":{"start":{"line":47,"column":12},"end":{"line":47,"column":69}},"17":{"start":{"line":48,"column":12},"end":{"line":48,"column":19}},"18":{"start":{"line":50,"column":8},"end":{"line":50,"column":92}},"19":{"start":{"line":51,"column":8},"end":{"line":51,"column":81}},"20":{"start":{"line":64,"column":20},"end":{"line":68,"column":40}},"21":{"start":{"line":71,"column":27},"end":{"line":77,"column":13}},"22":{"start":{"line":79,"column":12},"end":{"line":87,"column":11}},"23":{"start":{"line":80,"column":12},"end":{"line":84,"column":13}},"24":{"start":{"line":81,"column":16},"end":{"line":81,"column":47}},"25":{"start":{"line":82,"column":16},"end":{"line":82,"column":73}},"26":{"start":{"line":83,"column":16},"end":{"line":83,"column":23}},"27":{"start":{"line":85,"column":12},"end":{"line":85,"column":75}},"28":{"start":{"line":86,"column":12},"end":{"line":86,"column":54}},"29":{"start":{"line":98,"column":20},"end":{"line":98,"column":65}},"30":{"start":{"line":99,"column":8},"end":{"line":106,"column":11}},"31":{"start":{"line":100,"column":12},"end":{"line":104,"column":13}},"32":{"start":{"line":101,"column":16},"end":{"line":101,"column":47}},"33":{"start":{"line":102,"column":16},"end":{"line":102,"column":73}},"34":{"start":{"line":103,"column":16},"end":{"line":103,"column":23}},"35":{"start":{"line":105,"column":12},"end":{"line":105,"column":63}},"36":{"start":{"line":110,"column":0},"end":{"line":110,"column":27}}},"fnMap":{"0":{"name":"(anonymous_0)","decl":{"start":{"line":13,"column":12},"end":{"line":13,"column":13}},"loc":{"start":{"line":13,"column":27},"end":{"line":18,"column":5}},"line":13},"1":{"name":"(anonymous_1)","decl":{"start":{"line":14,"column":43},"end":{"line":14,"column":44}},"loc":{"start":{"line":14,"column":77},"end":{"line":17,"column":9}},"line":14},"2":{"name":"(anonymous_2)","decl":{"start":{"line":26,"column":12},"end":{"line":26,"column":13}},"loc":{"start":{"line":26,"column":34},"end":{"line":32,"column":5}},"line":26},"3":{"name":"(anonymous_3)","decl":{"start":{"line":28,"column":42},"end":{"line":28,"column":43}},"loc":{"start":{"line":28,"column":76},"end":{"line":31,"column":9}},"line":28},"4":{"name":"(anonymous_4)","decl":{"start":{"line":40,"column":12},"end":{"line":40,"column":13}},"loc":{"start":{"line":40,"column":33},"end":{"line":53,"column":5}},"line":40},"5":{"name":"(anonymous_5)","decl":{"start":{"line":44,"column":34},"end":{"line":44,"column":35}},"loc":{"start":{"line":44,"column":51},"end":{"line":52,"column":9}},"line":44},"6":{"name":"(anonymous_6)","decl":{"start":{"line":62,"column":12},"end":{"line":62,"column":13}},"loc":{"start":{"line":62,"column":41},"end":{"line":89,"column":5}},"line":62},"7":{"name":"(anonymous_7)","decl":{"start":{"line":79,"column":38},"end":{"line":79,"column":39}},"loc":{"start":{"line":79,"column":64},"end":{"line":87,"column":9}},"line":79},"8":{"name":"(anonymous_8)","decl":{"start":{"line":97,"column":12},"end":{"line":97,"column":13}},"loc":{"start":{"line":97,"column":31},"end":{"line":107,"column":5}},"line":97},"9":{"name":"(anonymous_9)","decl":{"start":{"line":99,"column":36},"end":{"line":99,"column":37}},"loc":{"start":{"line":99,"column":62},"end":{"line":106,"column":9}},"line":99}},"branchMap":{"0":{"loc":{"start":{"line":15,"column":12},"end":{"line":15,"column":35}},"type":"if","locations":[{"start":{"line":15,"column":12},"end":{"line":15,"column":35}},{"start":{},"end":{}}],"line":15},"1":{"loc":{"start":{"line":29,"column":8},"end":{"line":29,"column":31}},"type":"if","locations":[{"start":{"line":29,"column":8},"end":{"line":29,"column":31}},{"start":{},"end":{}}],"line":29},"2":{"loc":{"start":{"line":45,"column":8},"end":{"line":49,"column":9}},"type":"if","locations":[{"start":{"line":45,"column":8},"end":{"line":49,"column":9}},{"start":{},"end":{}}],"line":45},"3":{"loc":{"start":{"line":72,"column":16},"end":{"line":72,"column":31}},"type":"binary-expr","locations":[{"start":{"line":72,"column":16},"end":{"line":72,"column":23}},{"start":{"line":72,"column":27},"end":{"line":72,"column":31}}],"line":72},"4":{"loc":{"start":{"line":73,"column":16},"end":{"line":73,"column":32}},"type":"binary-expr","locations":[{"start":{"line":73,"column":16},"end":{"line":73,"column":24}},{"start":{"line":73,"column":28},"end":{"line":73,"column":32}}],"line":73},"5":{"loc":{"start":{"line":74,"column":16},"end":{"line":74,"column":32}},"type":"binary-expr","locations":[{"start":{"line":74,"column":16},"end":{"line":74,"column":24}},{"start":{"line":74,"column":28},"end":{"line":74,"column":32}}],"line":74},"6":{"loc":{"start":{"line":80,"column":12},"end":{"line":84,"column":13}},"type":"if","locations":[{"start":{"line":80,"column":12},"end":{"line":84,"column":13}},{"start":{},"end":{}}],"line":80},"7":{"loc":{"start":{"line":100,"column":12},"end":{"line":104,"column":13}},"type":"if","locations":[{"start":{"line":100,"column":12},"end":{"line":104,"column":13}},{"start":{},"end":{}}],"line":100}},"s":{"0":1,"1":1,"2":1,"3":1,"4":0,"5":1,"6":1,"7":1,"8":1,"9":0,"10":1,"11":1,"12":1,"13":1,"14":1,"15":0,"16":0,"17":0,"18":1,"19":1,"20":0,"21":0,"22":0,"23":0,"24":0,"25":0,"26":0,"27":0,"28":0,"29":1,"30":1,"31":1,"32":0,"33":0,"34":0,"35":1,"36":1},"f":{"0":1,"1":1,"2":1,"3":1,"4":1,"5":1,"6":0,"7":0,"8":1,"9":1},"b":{"0":[0,1],"1":[0,1],"2":[0,1],"3":[0,0],"4":[0,0],"5":[0,0],"6":[0,0],"7":[0,1]},"_coverageSchema":"1a1c01bbd47fc00a2c39e90264f33305004495a9","hash":"b8a364cfcc1fff6d89596dda01689bad52e8af69"}
,"C:\\Users\\aro3o1\\repos\\vteam\\backend\\models\\log.js": {"path":"C:\\Users\\aro3o1\\repos\\vteam\\backend\\models\\log.js","statementMap":{"0":{"start":{"line":1,"column":17},"end":{"line":1,"column":56}},"1":{"start":{"line":3,"column":17},"end":{"line":89,"column":1}},"2":{"start":{"line":5,"column":4},"end":{"line":8,"column":7}},"3":{"start":{"line":6,"column":6},"end":{"line":6,"column":29}},"4":{"start":{"line":6,"column":17},"end":{"line":6,"column":29}},"5":{"start":{"line":7,"column":6},"end":{"line":7,"column":24}},"6":{"start":{"line":12,"column":16},"end":{"line":12,"column":57}},"7":{"start":{"line":13,"column":4},"end":{"line":16,"column":7}},"8":{"start":{"line":14,"column":6},"end":{"line":14,"column":29}},"9":{"start":{"line":14,"column":17},"end":{"line":14,"column":29}},"10":{"start":{"line":15,"column":6},"end":{"line":15,"column":24}},"11":{"start":{"line":20,"column":4},"end":{"line":20,"column":21}},"12":{"start":{"line":21,"column":20},"end":{"line":21,"column":43}},"13":{"start":{"line":22,"column":32},"end":{"line":22,"column":63}},"14":{"start":{"line":24,"column":25},"end":{"line":24,"column":47}},"15":{"start":{"line":25,"column":31},"end":{"line":25,"column":67}},"16":{"start":{"line":27,"column":27},"end":{"line":27,"column":51}},"17":{"start":{"line":28,"column":33},"end":{"line":28,"column":71}},"18":{"start":{"line":30,"column":16},"end":{"line":30,"column":139}},"19":{"start":{"line":31,"column":19},"end":{"line":31,"column":141}},"20":{"start":{"line":33,"column":4},"end":{"line":41,"column":7}},"21":{"start":{"line":34,"column":6},"end":{"line":38,"column":7}},"22":{"start":{"line":35,"column":8},"end":{"line":35,"column":39}},"23":{"start":{"line":36,"column":8},"end":{"line":36,"column":65}},"24":{"start":{"line":37,"column":8},"end":{"line":37,"column":15}},"25":{"start":{"line":39,"column":6},"end":{"line":39,"column":88}},"26":{"start":{"line":40,"column":6},"end":{"line":40,"column":78}},"27":{"start":{"line":45,"column":16},"end":{"line":53,"column":23}},"28":{"start":{"line":55,"column":19},"end":{"line":65,"column":5}},"29":{"start":{"line":67,"column":4},"end":{"line":75,"column":7}},"30":{"start":{"line":68,"column":6},"end":{"line":72,"column":7}},"31":{"start":{"line":69,"column":8},"end":{"line":69,"column":39}},"32":{"start":{"line":70,"column":8},"end":{"line":70,"column":65}},"33":{"start":{"line":71,"column":8},"end":{"line":71,"column":15}},"34":{"start":{"line":73,"column":6},"end":{"line":73,"column":68}},"35":{"start":{"line":74,"column":6},"end":{"line":74,"column":47}},"36":{"start":{"line":79,"column":16},"end":{"line":79,"column":49}},"37":{"start":{"line":80,"column":4},"end":{"line":87,"column":7}},"38":{"start":{"line":81,"column":6},"end":{"line":85,"column":7}},"39":{"start":{"line":82,"column":8},"end":{"line":82,"column":39}},"40":{"start":{"line":83,"column":8},"end":{"line":83,"column":65}},"41":{"start":{"line":84,"column":8},"end":{"line":84,"column":15}},"42":{"start":{"line":86,"column":6},"end":{"line":86,"column":56}},"43":{"start":{"line":91,"column":0},"end":{"line":91,"column":26}}},"fnMap":{"0":{"name":"(anonymous_0)","decl":{"start":{"line":4,"column":10},"end":{"line":4,"column":11}},"loc":{"start":{"line":4,"column":25},"end":{"line":9,"column":3}},"line":4},"1":{"name":"(anonymous_1)","decl":{"start":{"line":5,"column":38},"end":{"line":5,"column":39}},"loc":{"start":{"line":5,"column":72},"end":{"line":8,"column":5}},"line":5},"2":{"name":"(anonymous_2)","decl":{"start":{"line":11,"column":14},"end":{"line":11,"column":15}},"loc":{"start":{"line":11,"column":37},"end":{"line":17,"column":3}},"line":11},"3":{"name":"(anonymous_3)","decl":{"start":{"line":13,"column":32},"end":{"line":13,"column":33}},"loc":{"start":{"line":13,"column":66},"end":{"line":16,"column":5}},"line":13},"4":{"name":"(anonymous_4)","decl":{"start":{"line":19,"column":10},"end":{"line":19,"column":11}},"loc":{"start":{"line":19,"column":30},"end":{"line":42,"column":3}},"line":19},"5":{"name":"(anonymous_5)","decl":{"start":{"line":33,"column":30},"end":{"line":33,"column":31}},"loc":{"start":{"line":33,"column":47},"end":{"line":41,"column":5}},"line":33},"6":{"name":"(anonymous_6)","decl":{"start":{"line":44,"column":10},"end":{"line":44,"column":11}},"loc":{"start":{"line":44,"column":37},"end":{"line":76,"column":3}},"line":44},"7":{"name":"(anonymous_7)","decl":{"start":{"line":67,"column":30},"end":{"line":67,"column":31}},"loc":{"start":{"line":67,"column":47},"end":{"line":75,"column":5}},"line":67},"8":{"name":"(anonymous_8)","decl":{"start":{"line":78,"column":10},"end":{"line":78,"column":11}},"loc":{"start":{"line":78,"column":32},"end":{"line":88,"column":3}},"line":78},"9":{"name":"(anonymous_9)","decl":{"start":{"line":80,"column":31},"end":{"line":80,"column":32}},"loc":{"start":{"line":80,"column":48},"end":{"line":87,"column":5}},"line":80}},"branchMap":{"0":{"loc":{"start":{"line":6,"column":6},"end":{"line":6,"column":29}},"type":"if","locations":[{"start":{"line":6,"column":6},"end":{"line":6,"column":29}},{"start":{},"end":{}}],"line":6},"1":{"loc":{"start":{"line":14,"column":6},"end":{"line":14,"column":29}},"type":"if","locations":[{"start":{"line":14,"column":6},"end":{"line":14,"column":29}},{"start":{},"end":{}}],"line":14},"2":{"loc":{"start":{"line":34,"column":6},"end":{"line":38,"column":7}},"type":"if","locations":[{"start":{"line":34,"column":6},"end":{"line":38,"column":7}},{"start":{},"end":{}}],"line":34},"3":{"loc":{"start":{"line":56,"column":6},"end":{"line":56,"column":29}},"type":"binary-expr","locations":[{"start":{"line":56,"column":6},"end":{"line":56,"column":21}},{"start":{"line":56,"column":25},"end":{"line":56,"column":29}}],"line":56},"4":{"loc":{"start":{"line":57,"column":6},"end":{"line":57,"column":27}},"type":"binary-expr","locations":[{"start":{"line":57,"column":6},"end":{"line":57,"column":19}},{"start":{"line":57,"column":23},"end":{"line":57,"column":27}}],"line":57},"5":{"loc":{"start":{"line":58,"column":6},"end":{"line":58,"column":27}},"type":"binary-expr","locations":[{"start":{"line":58,"column":6},"end":{"line":58,"column":19}},{"start":{"line":58,"column":23},"end":{"line":58,"column":27}}],"line":58},"6":{"loc":{"start":{"line":59,"column":6},"end":{"line":59,"column":26}},"type":"binary-expr","locations":[{"start":{"line":59,"column":6},"end":{"line":59,"column":18}},{"start":{"line":59,"column":22},"end":{"line":59,"column":26}}],"line":59},"7":{"loc":{"start":{"line":60,"column":6},"end":{"line":60,"column":28}},"type":"binary-expr","locations":[{"start":{"line":60,"column":6},"end":{"line":60,"column":20}},{"start":{"line":60,"column":24},"end":{"line":60,"column":28}}],"line":60},"8":{"loc":{"start":{"line":61,"column":6},"end":{"line":61,"column":23}},"type":"binary-expr","locations":[{"start":{"line":61,"column":6},"end":{"line":61,"column":15}},{"start":{"line":61,"column":19},"end":{"line":61,"column":23}}],"line":61},"9":{"loc":{"start":{"line":62,"column":6},"end":{"line":62,"column":28}},"type":"binary-expr","locations":[{"start":{"line":62,"column":6},"end":{"line":62,"column":20}},{"start":{"line":62,"column":24},"end":{"line":62,"column":28}}],"line":62},"10":{"loc":{"start":{"line":63,"column":6},"end":{"line":63,"column":26}},"type":"binary-expr","locations":[{"start":{"line":63,"column":6},"end":{"line":63,"column":18}},{"start":{"line":63,"column":22},"end":{"line":63,"column":26}}],"line":63},"11":{"loc":{"start":{"line":68,"column":6},"end":{"line":72,"column":7}},"type":"if","locations":[{"start":{"line":68,"column":6},"end":{"line":72,"column":7}},{"start":{},"end":{}}],"line":68},"12":{"loc":{"start":{"line":81,"column":6},"end":{"line":85,"column":7}},"type":"if","locations":[{"start":{"line":81,"column":6},"end":{"line":85,"column":7}},{"start":{},"end":{}}],"line":81}},"s":{"0":1,"1":1,"2":0,"3":0,"4":0,"5":0,"6":0,"7":0,"8":0,"9":0,"10":0,"11":0,"12":0,"13":0,"14":0,"15":0,"16":0,"17":0,"18":0,"19":0,"20":0,"21":0,"22":0,"23":0,"24":0,"25":0,"26":0,"27":0,"28":0,"29":0,"30":0,"31":0,"32":0,"33":0,"34":0,"35":0,"36":0,"37":0,"38":0,"39":0,"40":0,"41":0,"42":0,"43":1},"f":{"0":0,"1":0,"2":0,"3":0,"4":0,"5":0,"6":0,"7":0,"8":0,"9":0},"b":{"0":[0,0],"1":[0,0],"2":[0,0],"3":[0,0],"4":[0,0],"5":[0,0],"6":[0,0],"7":[0,0],"8":[0,0],"9":[0,0],"10":[0,0],"11":[0,0],"12":[0,0]},"_coverageSchema":"1a1c01bbd47fc00a2c39e90264f33305004495a9","hash":"49fe93dffe218ac0943aa35716375d8c51435f31"}
,"C:\\Users\\aro3o1\\repos\\vteam\\backend\\models\\scooter.js": {"path":"C:\\Users\\aro3o1\\repos\\vteam\\backend\\models\\scooter.js","statementMap":{"0":{"start":{"line":1,"column":11},"end":{"line":1,"column":50}},"1":{"start":{"line":7,"column":21},"end":{"line":199,"column":1}},"2":{"start":{"line":14,"column":8},"end":{"line":17,"column":11}},"3":{"start":{"line":15,"column":12},"end":{"line":15,"column":35}},"4":{"start":{"line":15,"column":23},"end":{"line":15,"column":35}},"5":{"start":{"line":16,"column":12},"end":{"line":16,"column":30}},"6":{"start":{"line":26,"column":8},"end":{"line":29,"column":11}},"7":{"start":{"line":27,"column":12},"end":{"line":27,"column":35}},"8":{"start":{"line":27,"column":23},"end":{"line":27,"column":35}},"9":{"start":{"line":28,"column":12},"end":{"line":28,"column":30}},"10":{"start":{"line":32,"column":20},"end":{"line":35,"column":32}},"11":{"start":{"line":36,"column":8},"end":{"line":43,"column":11}},"12":{"start":{"line":37,"column":12},"end":{"line":41,"column":13}},"13":{"start":{"line":38,"column":16},"end":{"line":38,"column":47}},"14":{"start":{"line":39,"column":16},"end":{"line":39,"column":73}},"15":{"start":{"line":40,"column":16},"end":{"line":40,"column":23}},"16":{"start":{"line":42,"column":12},"end":{"line":42,"column":30}},"17":{"start":{"line":50,"column":20},"end":{"line":53,"column":55}},"18":{"start":{"line":55,"column":8},"end":{"line":62,"column":11}},"19":{"start":{"line":56,"column":12},"end":{"line":60,"column":13}},"20":{"start":{"line":57,"column":16},"end":{"line":57,"column":47}},"21":{"start":{"line":58,"column":16},"end":{"line":58,"column":73}},"22":{"start":{"line":59,"column":16},"end":{"line":59,"column":23}},"23":{"start":{"line":61,"column":12},"end":{"line":61,"column":30}},"24":{"start":{"line":72,"column":20},"end":{"line":72,"column":105}},"25":{"start":{"line":73,"column":23},"end":{"line":73,"column":103}},"26":{"start":{"line":74,"column":8},"end":{"line":82,"column":11}},"27":{"start":{"line":75,"column":12},"end":{"line":79,"column":13}},"28":{"start":{"line":76,"column":16},"end":{"line":76,"column":47}},"29":{"start":{"line":77,"column":16},"end":{"line":77,"column":73}},"30":{"start":{"line":78,"column":16},"end":{"line":78,"column":23}},"31":{"start":{"line":80,"column":12},"end":{"line":80,"column":102}},"32":{"start":{"line":81,"column":12},"end":{"line":81,"column":88}},"33":{"start":{"line":92,"column":20},"end":{"line":99,"column":33}},"34":{"start":{"line":101,"column":23},"end":{"line":109,"column":9}},"35":{"start":{"line":111,"column":8},"end":{"line":119,"column":11}},"36":{"start":{"line":112,"column":12},"end":{"line":116,"column":13}},"37":{"start":{"line":113,"column":16},"end":{"line":113,"column":47}},"38":{"start":{"line":114,"column":16},"end":{"line":114,"column":73}},"39":{"start":{"line":115,"column":16},"end":{"line":115,"column":23}},"40":{"start":{"line":117,"column":12},"end":{"line":117,"column":78}},"41":{"start":{"line":118,"column":12},"end":{"line":118,"column":57}},"42":{"start":{"line":122,"column":25},"end":{"line":151,"column":10}},"43":{"start":{"line":123,"column":12},"end":{"line":150,"column":15}},"44":{"start":{"line":124,"column":28},"end":{"line":131,"column":41}},"45":{"start":{"line":133,"column":31},"end":{"line":141,"column":17}},"46":{"start":{"line":143,"column":16},"end":{"line":149,"column":19}},"47":{"start":{"line":144,"column":20},"end":{"line":148,"column":21}},"48":{"start":{"line":145,"column":24},"end":{"line":145,"column":38}},"49":{"start":{"line":147,"column":24},"end":{"line":147,"column":34}},"50":{"start":{"line":153,"column":8},"end":{"line":155,"column":86}},"51":{"start":{"line":154,"column":24},"end":{"line":154,"column":90}},"52":{"start":{"line":155,"column":28},"end":{"line":155,"column":84}},"53":{"start":{"line":161,"column":20},"end":{"line":161,"column":41}},"54":{"start":{"line":162,"column":8},"end":{"line":169,"column":11}},"55":{"start":{"line":163,"column":12},"end":{"line":167,"column":13}},"56":{"start":{"line":164,"column":16},"end":{"line":164,"column":47}},"57":{"start":{"line":165,"column":16},"end":{"line":165,"column":73}},"58":{"start":{"line":166,"column":16},"end":{"line":166,"column":23}},"59":{"start":{"line":168,"column":12},"end":{"line":168,"column":71}},"60":{"start":{"line":172,"column":20},"end":{"line":172,"column":62}},"61":{"start":{"line":173,"column":8},"end":{"line":180,"column":11}},"62":{"start":{"line":174,"column":12},"end":{"line":178,"column":13}},"63":{"start":{"line":175,"column":16},"end":{"line":175,"column":47}},"64":{"start":{"line":176,"column":16},"end":{"line":176,"column":73}},"65":{"start":{"line":177,"column":16},"end":{"line":177,"column":23}},"66":{"start":{"line":179,"column":12},"end":{"line":179,"column":30}},"67":{"start":{"line":189,"column":20},"end":{"line":189,"column":61}},"68":{"start":{"line":190,"column":8},"end":{"line":197,"column":11}},"69":{"start":{"line":191,"column":12},"end":{"line":195,"column":13}},"70":{"start":{"line":192,"column":16},"end":{"line":192,"column":47}},"71":{"start":{"line":193,"column":16},"end":{"line":193,"column":73}},"72":{"start":{"line":194,"column":16},"end":{"line":194,"column":23}},"73":{"start":{"line":196,"column":12},"end":{"line":196,"column":66}},"74":{"start":{"line":201,"column":0},"end":{"line":201,"column":30}}},"fnMap":{"0":{"name":"(anonymous_0)","decl":{"start":{"line":13,"column":12},"end":{"line":13,"column":13}},"loc":{"start":{"line":13,"column":27},"end":{"line":18,"column":5}},"line":13},"1":{"name":"(anonymous_1)","decl":{"start":{"line":14,"column":134},"end":{"line":14,"column":135}},"loc":{"start":{"line":14,"column":168},"end":{"line":17,"column":9}},"line":14},"2":{"name":"(anonymous_2)","decl":{"start":{"line":25,"column":12},"end":{"line":25,"column":13}},"loc":{"start":{"line":25,"column":31},"end":{"line":30,"column":5}},"line":25},"3":{"name":"(anonymous_3)","decl":{"start":{"line":26,"column":166},"end":{"line":26,"column":167}},"loc":{"start":{"line":26,"column":200},"end":{"line":29,"column":9}},"line":26},"4":{"name":"(anonymous_4)","decl":{"start":{"line":31,"column":20},"end":{"line":31,"column":21}},"loc":{"start":{"line":31,"column":41},"end":{"line":44,"column":5}},"line":31},"5":{"name":"(anonymous_5)","decl":{"start":{"line":36,"column":28},"end":{"line":36,"column":29}},"loc":{"start":{"line":36,"column":54},"end":{"line":43,"column":9}},"line":36},"6":{"name":"(anonymous_6)","decl":{"start":{"line":49,"column":21},"end":{"line":49,"column":22}},"loc":{"start":{"line":49,"column":36},"end":{"line":63,"column":5}},"line":49},"7":{"name":"(anonymous_7)","decl":{"start":{"line":55,"column":20},"end":{"line":55,"column":21}},"loc":{"start":{"line":55,"column":46},"end":{"line":62,"column":9}},"line":55},"8":{"name":"(anonymous_8)","decl":{"start":{"line":71,"column":12},"end":{"line":71,"column":13}},"loc":{"start":{"line":71,"column":36},"end":{"line":83,"column":5}},"line":71},"9":{"name":"(anonymous_9)","decl":{"start":{"line":74,"column":28},"end":{"line":74,"column":29}},"loc":{"start":{"line":74,"column":45},"end":{"line":82,"column":9}},"line":74},"10":{"name":"(anonymous_10)","decl":{"start":{"line":91,"column":12},"end":{"line":91,"column":13}},"loc":{"start":{"line":91,"column":47},"end":{"line":120,"column":5}},"line":91},"11":{"name":"(anonymous_11)","decl":{"start":{"line":111,"column":28},"end":{"line":111,"column":29}},"loc":{"start":{"line":111,"column":54},"end":{"line":119,"column":9}},"line":111},"12":{"name":"(anonymous_12)","decl":{"start":{"line":121,"column":20},"end":{"line":121,"column":21}},"loc":{"start":{"line":121,"column":45},"end":{"line":156,"column":5}},"line":121},"13":{"name":"(anonymous_13)","decl":{"start":{"line":122,"column":38},"end":{"line":122,"column":39}},"loc":{"start":{"line":122,"column":49},"end":{"line":151,"column":9}},"line":122},"14":{"name":"(anonymous_14)","decl":{"start":{"line":123,"column":31},"end":{"line":123,"column":32}},"loc":{"start":{"line":123,"column":52},"end":{"line":150,"column":13}},"line":123},"15":{"name":"(anonymous_15)","decl":{"start":{"line":143,"column":36},"end":{"line":143,"column":37}},"loc":{"start":{"line":143,"column":62},"end":{"line":149,"column":17}},"line":143},"16":{"name":"(anonymous_16)","decl":{"start":{"line":154,"column":18},"end":{"line":154,"column":19}},"loc":{"start":{"line":154,"column":24},"end":{"line":154,"column":90}},"line":154},"17":{"name":"(anonymous_17)","decl":{"start":{"line":155,"column":19},"end":{"line":155,"column":20}},"loc":{"start":{"line":155,"column":28},"end":{"line":155,"column":84}},"line":155},"18":{"name":"(anonymous_18)","decl":{"start":{"line":160,"column":15},"end":{"line":160,"column":16}},"loc":{"start":{"line":160,"column":30},"end":{"line":170,"column":5}},"line":160},"19":{"name":"(anonymous_19)","decl":{"start":{"line":162,"column":20},"end":{"line":162,"column":21}},"loc":{"start":{"line":162,"column":46},"end":{"line":169,"column":9}},"line":162},"20":{"name":"(anonymous_20)","decl":{"start":{"line":171,"column":26},"end":{"line":171,"column":27}},"loc":{"start":{"line":171,"column":41},"end":{"line":181,"column":5}},"line":171},"21":{"name":"(anonymous_21)","decl":{"start":{"line":173,"column":20},"end":{"line":173,"column":21}},"loc":{"start":{"line":173,"column":46},"end":{"line":180,"column":9}},"line":173},"22":{"name":"(anonymous_22)","decl":{"start":{"line":188,"column":12},"end":{"line":188,"column":13}},"loc":{"start":{"line":188,"column":31},"end":{"line":198,"column":5}},"line":188},"23":{"name":"(anonymous_23)","decl":{"start":{"line":190,"column":24},"end":{"line":190,"column":25}},"loc":{"start":{"line":190,"column":50},"end":{"line":197,"column":9}},"line":190}},"branchMap":{"0":{"loc":{"start":{"line":15,"column":12},"end":{"line":15,"column":35}},"type":"if","locations":[{"start":{"line":15,"column":12},"end":{"line":15,"column":35}},{"start":{},"end":{}}],"line":15},"1":{"loc":{"start":{"line":27,"column":12},"end":{"line":27,"column":35}},"type":"if","locations":[{"start":{"line":27,"column":12},"end":{"line":27,"column":35}},{"start":{},"end":{}}],"line":27},"2":{"loc":{"start":{"line":37,"column":12},"end":{"line":41,"column":13}},"type":"if","locations":[{"start":{"line":37,"column":12},"end":{"line":41,"column":13}},{"start":{},"end":{}}],"line":37},"3":{"loc":{"start":{"line":56,"column":12},"end":{"line":60,"column":13}},"type":"if","locations":[{"start":{"line":56,"column":12},"end":{"line":60,"column":13}},{"start":{},"end":{}}],"line":56},"4":{"loc":{"start":{"line":75,"column":12},"end":{"line":79,"column":13}},"type":"if","locations":[{"start":{"line":75,"column":12},"end":{"line":79,"column":13}},{"start":{},"end":{}}],"line":75},"5":{"loc":{"start":{"line":102,"column":12},"end":{"line":102,"column":31}},"type":"binary-expr","locations":[{"start":{"line":102,"column":12},"end":{"line":102,"column":23}},{"start":{"line":102,"column":27},"end":{"line":102,"column":31}}],"line":102},"6":{"loc":{"start":{"line":103,"column":12},"end":{"line":103,"column":31}},"type":"binary-expr","locations":[{"start":{"line":103,"column":12},"end":{"line":103,"column":23}},{"start":{"line":103,"column":27},"end":{"line":103,"column":31}}],"line":103},"7":{"loc":{"start":{"line":104,"column":12},"end":{"line":104,"column":35}},"type":"binary-expr","locations":[{"start":{"line":104,"column":12},"end":{"line":104,"column":27}},{"start":{"line":104,"column":31},"end":{"line":104,"column":35}}],"line":104},"8":{"loc":{"start":{"line":105,"column":12},"end":{"line":105,"column":34}},"type":"binary-expr","locations":[{"start":{"line":105,"column":12},"end":{"line":105,"column":26}},{"start":{"line":105,"column":30},"end":{"line":105,"column":34}}],"line":105},"9":{"loc":{"start":{"line":106,"column":12},"end":{"line":106,"column":39}},"type":"binary-expr","locations":[{"start":{"line":106,"column":12},"end":{"line":106,"column":31}},{"start":{"line":106,"column":35},"end":{"line":106,"column":39}}],"line":106},"10":{"loc":{"start":{"line":107,"column":12},"end":{"line":107,"column":33}},"type":"binary-expr","locations":[{"start":{"line":107,"column":12},"end":{"line":107,"column":25}},{"start":{"line":107,"column":29},"end":{"line":107,"column":33}}],"line":107},"11":{"loc":{"start":{"line":112,"column":12},"end":{"line":116,"column":13}},"type":"if","locations":[{"start":{"line":112,"column":12},"end":{"line":116,"column":13}},{"start":{},"end":{}}],"line":112},"12":{"loc":{"start":{"line":134,"column":20},"end":{"line":134,"column":39}},"type":"binary-expr","locations":[{"start":{"line":134,"column":20},"end":{"line":134,"column":31}},{"start":{"line":134,"column":35},"end":{"line":134,"column":39}}],"line":134},"13":{"loc":{"start":{"line":135,"column":20},"end":{"line":135,"column":39}},"type":"binary-expr","locations":[{"start":{"line":135,"column":20},"end":{"line":135,"column":31}},{"start":{"line":135,"column":35},"end":{"line":135,"column":39}}],"line":135},"14":{"loc":{"start":{"line":136,"column":20},"end":{"line":136,"column":43}},"type":"binary-expr","locations":[{"start":{"line":136,"column":20},"end":{"line":136,"column":35}},{"start":{"line":136,"column":39},"end":{"line":136,"column":43}}],"line":136},"15":{"loc":{"start":{"line":137,"column":20},"end":{"line":137,"column":42}},"type":"binary-expr","locations":[{"start":{"line":137,"column":20},"end":{"line":137,"column":34}},{"start":{"line":137,"column":38},"end":{"line":137,"column":42}}],"line":137},"16":{"loc":{"start":{"line":138,"column":20},"end":{"line":138,"column":47}},"type":"binary-expr","locations":[{"start":{"line":138,"column":20},"end":{"line":138,"column":39}},{"start":{"line":138,"column":43},"end":{"line":138,"column":47}}],"line":138},"17":{"loc":{"start":{"line":139,"column":20},"end":{"line":139,"column":67}},"type":"cond-expr","locations":[{"start":{"line":139,"column":50},"end":{"line":139,"column":63}},{"start":{"line":139,"column":66},"end":{"line":139,"column":67}}],"line":139},"18":{"loc":{"start":{"line":144,"column":20},"end":{"line":148,"column":21}},"type":"if","locations":[{"start":{"line":144,"column":20},"end":{"line":148,"column":21}},{"start":{"line":146,"column":27},"end":{"line":148,"column":21}}],"line":144},"19":{"loc":{"start":{"line":163,"column":12},"end":{"line":167,"column":13}},"type":"if","locations":[{"start":{"line":163,"column":12},"end":{"line":167,"column":13}},{"start":{},"end":{}}],"line":163},"20":{"loc":{"start":{"line":174,"column":12},"end":{"line":178,"column":13}},"type":"if","locations":[{"start":{"line":174,"column":12},"end":{"line":178,"column":13}},{"start":{},"end":{}}],"line":174},"21":{"loc":{"start":{"line":191,"column":12},"end":{"line":195,"column":13}},"type":"if","locations":[{"start":{"line":191,"column":12},"end":{"line":195,"column":13}},{"start":{},"end":{}}],"line":191}},"s":{"0":1,"1":1,"2":1,"3":1,"4":0,"5":1,"6":1,"7":1,"8":0,"9":1,"10":0,"11":0,"12":0,"13":0,"14":0,"15":0,"16":0,"17":0,"18":0,"19":0,"20":0,"21":0,"22":0,"23":0,"24":3,"25":3,"26":3,"27":3,"28":0,"29":0,"30":0,"31":3,"32":3,"33":1,"34":1,"35":1,"36":1,"37":0,"38":0,"39":0,"40":1,"41":1,"42":0,"43":0,"44":0,"45":0,"46":0,"47":0,"48":0,"49":0,"50":0,"51":0,"52":0,"53":1,"54":1,"55":1,"56":0,"57":0,"58":0,"59":1,"60":0,"61":0,"62":0,"63":0,"64":0,"65":0,"66":0,"67":1,"68":1,"69":1,"70":0,"71":0,"72":0,"73":1,"74":1},"f":{"0":1,"1":1,"2":1,"3":1,"4":0,"5":0,"6":0,"7":0,"8":3,"9":3,"10":1,"11":1,"12":0,"13":0,"14":0,"15":0,"16":0,"17":0,"18":1,"19":1,"20":0,"21":0,"22":1,"23":1},"b":{"0":[0,1],"1":[0,1],"2":[0,0],"3":[0,0],"4":[0,3],"5":[1,0],"6":[1,0],"7":[1,0],"8":[1,0],"9":[1,0],"10":[1,1],"11":[0,1],"12":[0,0],"13":[0,0],"14":[0,0],"15":[0,0],"16":[0,0],"17":[0,0],"18":[0,0],"19":[0,1],"20":[0,0],"21":[0,1]},"_coverageSchema":"1a1c01bbd47fc00a2c39e90264f33305004495a9","hash":"1636fcd1e9e35a58893ebade886d37c492086b70"}
,"C:\\Users\\aro3o1\\repos\\vteam\\backend\\models\\user.js": {"path":"C:\\Users\\aro3o1\\repos\\vteam\\backend\\models\\user.js","statementMap":{"0":{"start":{"line":1,"column":11},"end":{"line":1,"column":50}},"1":{"start":{"line":7,"column":18},"end":{"line":184,"column":1}},"2":{"start":{"line":14,"column":8},"end":{"line":17,"column":11}},"3":{"start":{"line":15,"column":12},"end":{"line":15,"column":35}},"4":{"start":{"line":15,"column":23},"end":{"line":15,"column":35}},"5":{"start":{"line":16,"column":12},"end":{"line":16,"column":37}},"6":{"start":{"line":26,"column":8},"end":{"line":29,"column":11}},"7":{"start":{"line":27,"column":12},"end":{"line":27,"column":35}},"8":{"start":{"line":27,"column":23},"end":{"line":27,"column":35}},"9":{"start":{"line":28,"column":12},"end":{"line":28,"column":37}},"10":{"start":{"line":41,"column":8},"end":{"line":44,"column":11}},"11":{"start":{"line":42,"column":12},"end":{"line":42,"column":35}},"12":{"start":{"line":42,"column":23},"end":{"line":42,"column":35}},"13":{"start":{"line":43,"column":12},"end":{"line":43,"column":37}},"14":{"start":{"line":55,"column":20},"end":{"line":55,"column":82}},"15":{"start":{"line":56,"column":23},"end":{"line":56,"column":78}},"16":{"start":{"line":58,"column":8},"end":{"line":65,"column":11}},"17":{"start":{"line":59,"column":12},"end":{"line":63,"column":13}},"18":{"start":{"line":60,"column":16},"end":{"line":60,"column":47}},"19":{"start":{"line":61,"column":16},"end":{"line":61,"column":73}},"20":{"start":{"line":62,"column":16},"end":{"line":62,"column":23}},"21":{"start":{"line":64,"column":12},"end":{"line":64,"column":96}},"22":{"start":{"line":76,"column":20},"end":{"line":81,"column":30}},"23":{"start":{"line":84,"column":23},"end":{"line":90,"column":9}},"24":{"start":{"line":91,"column":8},"end":{"line":91,"column":28}},"25":{"start":{"line":92,"column":8},"end":{"line":92,"column":28}},"26":{"start":{"line":93,"column":8},"end":{"line":101,"column":11}},"27":{"start":{"line":94,"column":12},"end":{"line":98,"column":13}},"28":{"start":{"line":95,"column":16},"end":{"line":95,"column":47}},"29":{"start":{"line":96,"column":16},"end":{"line":96,"column":73}},"30":{"start":{"line":97,"column":16},"end":{"line":97,"column":29}},"31":{"start":{"line":99,"column":12},"end":{"line":99,"column":54}},"32":{"start":{"line":100,"column":12},"end":{"line":100,"column":75}},"33":{"start":{"line":110,"column":20},"end":{"line":110,"column":56}},"34":{"start":{"line":111,"column":8},"end":{"line":118,"column":11}},"35":{"start":{"line":112,"column":12},"end":{"line":116,"column":13}},"36":{"start":{"line":113,"column":16},"end":{"line":113,"column":47}},"37":{"start":{"line":114,"column":16},"end":{"line":114,"column":73}},"38":{"start":{"line":115,"column":16},"end":{"line":115,"column":23}},"39":{"start":{"line":117,"column":12},"end":{"line":117,"column":63}},"40":{"start":{"line":128,"column":20},"end":{"line":128,"column":100}},"41":{"start":{"line":129,"column":23},"end":{"line":129,"column":39}},"42":{"start":{"line":131,"column":8},"end":{"line":139,"column":11}},"43":{"start":{"line":132,"column":12},"end":{"line":136,"column":13}},"44":{"start":{"line":133,"column":16},"end":{"line":133,"column":47}},"45":{"start":{"line":134,"column":16},"end":{"line":134,"column":73}},"46":{"start":{"line":135,"column":16},"end":{"line":135,"column":23}},"47":{"start":{"line":137,"column":12},"end":{"line":137,"column":53}},"48":{"start":{"line":138,"column":12},"end":{"line":138,"column":62}},"49":{"start":{"line":149,"column":20},"end":{"line":149,"column":100}},"50":{"start":{"line":150,"column":23},"end":{"line":150,"column":39}},"51":{"start":{"line":152,"column":8},"end":{"line":161,"column":11}},"52":{"start":{"line":153,"column":12},"end":{"line":157,"column":13}},"53":{"start":{"line":154,"column":16},"end":{"line":154,"column":47}},"54":{"start":{"line":155,"column":16},"end":{"line":155,"column":73}},"55":{"start":{"line":156,"column":16},"end":{"line":156,"column":23}},"56":{"start":{"line":159,"column":12},"end":{"line":159,"column":56}},"57":{"start":{"line":160,"column":12},"end":{"line":160,"column":65}},"58":{"start":{"line":170,"column":20},"end":{"line":170,"column":100}},"59":{"start":{"line":171,"column":23},"end":{"line":171,"column":39}},"60":{"start":{"line":173,"column":8},"end":{"line":182,"column":11}},"61":{"start":{"line":174,"column":12},"end":{"line":178,"column":13}},"62":{"start":{"line":175,"column":16},"end":{"line":175,"column":47}},"63":{"start":{"line":176,"column":16},"end":{"line":176,"column":73}},"64":{"start":{"line":177,"column":16},"end":{"line":177,"column":23}},"65":{"start":{"line":180,"column":12},"end":{"line":180,"column":56}},"66":{"start":{"line":181,"column":12},"end":{"line":181,"column":65}},"67":{"start":{"line":186,"column":0},"end":{"line":186,"column":27}}},"fnMap":{"0":{"name":"(anonymous_0)","decl":{"start":{"line":13,"column":12},"end":{"line":13,"column":13}},"loc":{"start":{"line":13,"column":27},"end":{"line":18,"column":5}},"line":13},"1":{"name":"(anonymous_1)","decl":{"start":{"line":14,"column":38},"end":{"line":14,"column":39}},"loc":{"start":{"line":14,"column":72},"end":{"line":17,"column":9}},"line":14},"2":{"name":"(anonymous_2)","decl":{"start":{"line":25,"column":12},"end":{"line":25,"column":13}},"loc":{"start":{"line":25,"column":31},"end":{"line":30,"column":5}},"line":25},"3":{"name":"(anonymous_3)","decl":{"start":{"line":26,"column":59},"end":{"line":26,"column":60}},"loc":{"start":{"line":26,"column":93},"end":{"line":29,"column":9}},"line":26},"4":{"name":"(anonymous_4)","decl":{"start":{"line":40,"column":15},"end":{"line":40,"column":16}},"loc":{"start":{"line":40,"column":48},"end":{"line":46,"column":5}},"line":40},"5":{"name":"(anonymous_5)","decl":{"start":{"line":41,"column":68},"end":{"line":41,"column":69}},"loc":{"start":{"line":41,"column":102},"end":{"line":44,"column":9}},"line":41},"6":{"name":"(anonymous_6)","decl":{"start":{"line":54,"column":12},"end":{"line":54,"column":13}},"loc":{"start":{"line":54,"column":33},"end":{"line":66,"column":5}},"line":54},"7":{"name":"(anonymous_7)","decl":{"start":{"line":58,"column":28},"end":{"line":58,"column":29}},"loc":{"start":{"line":58,"column":45},"end":{"line":65,"column":9}},"line":58},"8":{"name":"(anonymous_8)","decl":{"start":{"line":74,"column":12},"end":{"line":74,"column":13}},"loc":{"start":{"line":74,"column":40},"end":{"line":102,"column":5}},"line":74},"9":{"name":"(anonymous_9)","decl":{"start":{"line":93,"column":28},"end":{"line":93,"column":29}},"loc":{"start":{"line":93,"column":54},"end":{"line":101,"column":9}},"line":93},"10":{"name":"(anonymous_10)","decl":{"start":{"line":109,"column":12},"end":{"line":109,"column":13}},"loc":{"start":{"line":109,"column":31},"end":{"line":119,"column":5}},"line":109},"11":{"name":"(anonymous_11)","decl":{"start":{"line":111,"column":24},"end":{"line":111,"column":25}},"loc":{"start":{"line":111,"column":50},"end":{"line":118,"column":9}},"line":111},"12":{"name":"(anonymous_12)","decl":{"start":{"line":127,"column":14},"end":{"line":127,"column":15}},"loc":{"start":{"line":127,"column":45},"end":{"line":140,"column":5}},"line":127},"13":{"name":"(anonymous_13)","decl":{"start":{"line":131,"column":28},"end":{"line":131,"column":29}},"loc":{"start":{"line":131,"column":45},"end":{"line":139,"column":9}},"line":131},"14":{"name":"(anonymous_14)","decl":{"start":{"line":148,"column":17},"end":{"line":148,"column":18}},"loc":{"start":{"line":148,"column":48},"end":{"line":162,"column":5}},"line":148},"15":{"name":"(anonymous_15)","decl":{"start":{"line":152,"column":28},"end":{"line":152,"column":29}},"loc":{"start":{"line":152,"column":45},"end":{"line":161,"column":9}},"line":152},"16":{"name":"(anonymous_16)","decl":{"start":{"line":169,"column":17},"end":{"line":169,"column":18}},"loc":{"start":{"line":169,"column":48},"end":{"line":183,"column":5}},"line":169},"17":{"name":"(anonymous_17)","decl":{"start":{"line":173,"column":28},"end":{"line":173,"column":29}},"loc":{"start":{"line":173,"column":45},"end":{"line":182,"column":9}},"line":173}},"branchMap":{"0":{"loc":{"start":{"line":15,"column":12},"end":{"line":15,"column":35}},"type":"if","locations":[{"start":{"line":15,"column":12},"end":{"line":15,"column":35}},{"start":{},"end":{}}],"line":15},"1":{"loc":{"start":{"line":27,"column":12},"end":{"line":27,"column":35}},"type":"if","locations":[{"start":{"line":27,"column":12},"end":{"line":27,"column":35}},{"start":{},"end":{}}],"line":27},"2":{"loc":{"start":{"line":42,"column":12},"end":{"line":42,"column":35}},"type":"if","locations":[{"start":{"line":42,"column":12},"end":{"line":42,"column":35}},{"start":{},"end":{}}],"line":42},"3":{"loc":{"start":{"line":59,"column":12},"end":{"line":63,"column":13}},"type":"if","locations":[{"start":{"line":59,"column":12},"end":{"line":63,"column":13}},{"start":{},"end":{}}],"line":59},"4":{"loc":{"start":{"line":85,"column":12},"end":{"line":85,"column":32}},"type":"binary-expr","locations":[{"start":{"line":85,"column":12},"end":{"line":85,"column":24}},{"start":{"line":85,"column":28},"end":{"line":85,"column":32}}],"line":85},"5":{"loc":{"start":{"line":86,"column":12},"end":{"line":86,"column":29}},"type":"binary-expr","locations":[{"start":{"line":86,"column":12},"end":{"line":86,"column":21}},{"start":{"line":86,"column":25},"end":{"line":86,"column":29}}],"line":86},"6":{"loc":{"start":{"line":87,"column":12},"end":{"line":87,"column":30}},"type":"binary-expr","locations":[{"start":{"line":87,"column":12},"end":{"line":87,"column":22}},{"start":{"line":87,"column":26},"end":{"line":87,"column":30}}],"line":87},"7":{"loc":{"start":{"line":88,"column":12},"end":{"line":88,"column":32}},"type":"binary-expr","locations":[{"start":{"line":88,"column":12},"end":{"line":88,"column":24}},{"start":{"line":88,"column":28},"end":{"line":88,"column":32}}],"line":88},"8":{"loc":{"start":{"line":94,"column":12},"end":{"line":98,"column":13}},"type":"if","locations":[{"start":{"line":94,"column":12},"end":{"line":98,"column":13}},{"start":{},"end":{}}],"line":94},"9":{"loc":{"start":{"line":112,"column":12},"end":{"line":116,"column":13}},"type":"if","locations":[{"start":{"line":112,"column":12},"end":{"line":116,"column":13}},{"start":{},"end":{}}],"line":112},"10":{"loc":{"start":{"line":132,"column":12},"end":{"line":136,"column":13}},"type":"if","locations":[{"start":{"line":132,"column":12},"end":{"line":136,"column":13}},{"start":{},"end":{}}],"line":132},"11":{"loc":{"start":{"line":153,"column":12},"end":{"line":157,"column":13}},"type":"if","locations":[{"start":{"line":153,"column":12},"end":{"line":157,"column":13}},{"start":{},"end":{}}],"line":153},"12":{"loc":{"start":{"line":174,"column":12},"end":{"line":178,"column":13}},"type":"if","locations":[{"start":{"line":174,"column":12},"end":{"line":178,"column":13}},{"start":{},"end":{}}],"line":174}},"s":{"0":1,"1":1,"2":1,"3":1,"4":0,"5":1,"6":1,"7":1,"8":0,"9":1,"10":0,"11":0,"12":0,"13":0,"14":1,"15":1,"16":1,"17":1,"18":0,"19":0,"20":0,"21":1,"22":1,"23":1,"24":1,"25":1,"26":1,"27":1,"28":0,"29":0,"30":0,"31":1,"32":1,"33":1,"34":1,"35":1,"36":0,"37":0,"38":0,"39":1,"40":0,"41":0,"42":0,"43":0,"44":0,"45":0,"46":0,"47":0,"48":0,"49":0,"50":0,"51":0,"52":0,"53":0,"54":0,"55":0,"56":0,"57":0,"58":0,"59":0,"60":0,"61":0,"62":0,"63":0,"64":0,"65":0,"66":0,"67":1},"f":{"0":1,"1":1,"2":1,"3":1,"4":0,"5":0,"6":1,"7":1,"8":1,"9":1,"10":1,"11":1,"12":0,"13":0,"14":0,"15":0,"16":0,"17":0},"b":{"0":[0,1],"1":[0,1],"2":[0,0],"3":[0,1],"4":[1,0],"5":[1,0],"6":[1,1],"7":[1,1],"8":[0,1],"9":[0,1],"10":[0,0],"11":[0,0],"12":[0,0]},"_coverageSchema":"1a1c01bbd47fc00a2c39e90264f33305004495a9","hash":"a00edc7fed47ffd21efd6352797d4dd0bfcdb87c"}
,"C:\\Users\\aro3o1\\repos\\vteam\\backend\\models\\userToBike.js": {"path":"C:\\Users\\aro3o1\\repos\\vteam\\backend\\models\\userToBike.js","statementMap":{"0":{"start":{"line":1,"column":11},"end":{"line":1,"column":50}},"1":{"start":{"line":7,"column":24},"end":{"line":114,"column":1}},"2":{"start":{"line":14,"column":8},"end":{"line":17,"column":11}},"3":{"start":{"line":15,"column":12},"end":{"line":15,"column":35}},"4":{"start":{"line":15,"column":23},"end":{"line":15,"column":35}},"5":{"start":{"line":16,"column":12},"end":{"line":16,"column":30}},"6":{"start":{"line":27,"column":20},"end":{"line":27,"column":69}},"7":{"start":{"line":28,"column":8},"end":{"line":31,"column":11}},"8":{"start":{"line":29,"column":12},"end":{"line":29,"column":35}},"9":{"start":{"line":29,"column":23},"end":{"line":29,"column":35}},"10":{"start":{"line":30,"column":12},"end":{"line":30,"column":30}},"11":{"start":{"line":41,"column":24},"end":{"line":41,"column":54}},"12":{"start":{"line":42,"column":36},"end":{"line":42,"column":67}},"13":{"start":{"line":44,"column":29},"end":{"line":44,"column":58}},"14":{"start":{"line":45,"column":35},"end":{"line":45,"column":71}},"15":{"start":{"line":47,"column":20},"end":{"line":47,"column":120}},"16":{"start":{"line":48,"column":23},"end":{"line":48,"column":128}},"17":{"start":{"line":50,"column":8},"end":{"line":58,"column":11}},"18":{"start":{"line":51,"column":12},"end":{"line":55,"column":13}},"19":{"start":{"line":52,"column":16},"end":{"line":52,"column":47}},"20":{"start":{"line":53,"column":16},"end":{"line":53,"column":73}},"21":{"start":{"line":54,"column":16},"end":{"line":54,"column":23}},"22":{"start":{"line":56,"column":12},"end":{"line":56,"column":114}},"23":{"start":{"line":57,"column":12},"end":{"line":57,"column":97}},"24":{"start":{"line":69,"column":20},"end":{"line":75,"column":36}},"25":{"start":{"line":77,"column":23},"end":{"line":84,"column":9}},"26":{"start":{"line":86,"column":8},"end":{"line":94,"column":11}},"27":{"start":{"line":87,"column":12},"end":{"line":91,"column":13}},"28":{"start":{"line":88,"column":16},"end":{"line":88,"column":47}},"29":{"start":{"line":89,"column":16},"end":{"line":89,"column":73}},"30":{"start":{"line":90,"column":16},"end":{"line":90,"column":23}},"31":{"start":{"line":92,"column":12},"end":{"line":92,"column":87}},"32":{"start":{"line":93,"column":12},"end":{"line":93,"column":66}},"33":{"start":{"line":104,"column":20},"end":{"line":104,"column":67}},"34":{"start":{"line":105,"column":8},"end":{"line":112,"column":11}},"35":{"start":{"line":106,"column":12},"end":{"line":110,"column":13}},"36":{"start":{"line":107,"column":16},"end":{"line":107,"column":47}},"37":{"start":{"line":108,"column":16},"end":{"line":108,"column":73}},"38":{"start":{"line":109,"column":16},"end":{"line":109,"column":23}},"39":{"start":{"line":111,"column":12},"end":{"line":111,"column":75}},"40":{"start":{"line":116,"column":0},"end":{"line":116,"column":33}}},"fnMap":{"0":{"name":"(anonymous_0)","decl":{"start":{"line":13,"column":12},"end":{"line":13,"column":13}},"loc":{"start":{"line":13,"column":27},"end":{"line":18,"column":5}},"line":13},"1":{"name":"(anonymous_1)","decl":{"start":{"line":14,"column":43},"end":{"line":14,"column":44}},"loc":{"start":{"line":14,"column":77},"end":{"line":17,"column":9}},"line":14},"2":{"name":"(anonymous_2)","decl":{"start":{"line":26,"column":12},"end":{"line":26,"column":13}},"loc":{"start":{"line":26,"column":41},"end":{"line":32,"column":5}},"line":26},"3":{"name":"(anonymous_3)","decl":{"start":{"line":28,"column":36},"end":{"line":28,"column":37}},"loc":{"start":{"line":28,"column":70},"end":{"line":31,"column":9}},"line":28},"4":{"name":"(anonymous_4)","decl":{"start":{"line":40,"column":12},"end":{"line":40,"column":13}},"loc":{"start":{"line":40,"column":39},"end":{"line":59,"column":5}},"line":40},"5":{"name":"(anonymous_5)","decl":{"start":{"line":50,"column":28},"end":{"line":50,"column":29}},"loc":{"start":{"line":50,"column":45},"end":{"line":58,"column":9}},"line":50},"6":{"name":"(anonymous_6)","decl":{"start":{"line":68,"column":12},"end":{"line":68,"column":13}},"loc":{"start":{"line":68,"column":53},"end":{"line":95,"column":5}},"line":68},"7":{"name":"(anonymous_7)","decl":{"start":{"line":86,"column":28},"end":{"line":86,"column":29}},"loc":{"start":{"line":86,"column":45},"end":{"line":94,"column":9}},"line":86},"8":{"name":"(anonymous_8)","decl":{"start":{"line":103,"column":12},"end":{"line":103,"column":13}},"loc":{"start":{"line":103,"column":41},"end":{"line":113,"column":5}},"line":103},"9":{"name":"(anonymous_9)","decl":{"start":{"line":105,"column":36},"end":{"line":105,"column":37}},"loc":{"start":{"line":105,"column":53},"end":{"line":112,"column":9}},"line":105}},"branchMap":{"0":{"loc":{"start":{"line":15,"column":12},"end":{"line":15,"column":35}},"type":"if","locations":[{"start":{"line":15,"column":12},"end":{"line":15,"column":35}},{"start":{},"end":{}}],"line":15},"1":{"loc":{"start":{"line":29,"column":12},"end":{"line":29,"column":35}},"type":"if","locations":[{"start":{"line":29,"column":12},"end":{"line":29,"column":35}},{"start":{},"end":{}}],"line":29},"2":{"loc":{"start":{"line":51,"column":12},"end":{"line":55,"column":13}},"type":"if","locations":[{"start":{"line":51,"column":12},"end":{"line":55,"column":13}},{"start":{},"end":{}}],"line":51},"3":{"loc":{"start":{"line":78,"column":12},"end":{"line":78,"column":42}},"type":"binary-expr","locations":[{"start":{"line":78,"column":12},"end":{"line":78,"column":34}},{"start":{"line":78,"column":38},"end":{"line":78,"column":42}}],"line":78},"4":{"loc":{"start":{"line":79,"column":12},"end":{"line":79,"column":40}},"type":"binary-expr","locations":[{"start":{"line":79,"column":12},"end":{"line":79,"column":32}},{"start":{"line":79,"column":36},"end":{"line":79,"column":40}}],"line":79},"5":{"loc":{"start":{"line":80,"column":12},"end":{"line":80,"column":40}},"type":"binary-expr","locations":[{"start":{"line":80,"column":12},"end":{"line":80,"column":32}},{"start":{"line":80,"column":36},"end":{"line":80,"column":40}}],"line":80},"6":{"loc":{"start":{"line":81,"column":12},"end":{"line":81,"column":39}},"type":"binary-expr","locations":[{"start":{"line":81,"column":12},"end":{"line":81,"column":31}},{"start":{"line":81,"column":35},"end":{"line":81,"column":39}}],"line":81},"7":{"loc":{"start":{"line":82,"column":12},"end":{"line":82,"column":36}},"type":"binary-expr","locations":[{"start":{"line":82,"column":12},"end":{"line":82,"column":28}},{"start":{"line":82,"column":32},"end":{"line":82,"column":36}}],"line":82},"8":{"loc":{"start":{"line":87,"column":12},"end":{"line":91,"column":13}},"type":"if","locations":[{"start":{"line":87,"column":12},"end":{"line":91,"column":13}},{"start":{},"end":{}}],"line":87},"9":{"loc":{"start":{"line":106,"column":12},"end":{"line":110,"column":13}},"type":"if","locations":[{"start":{"line":106,"column":12},"end":{"line":110,"column":13}},{"start":{},"end":{}}],"line":106}},"s":{"0":1,"1":1,"2":0,"3":0,"4":0,"5":0,"6":0,"7":0,"8":0,"9":0,"10":0,"11":0,"12":0,"13":0,"14":0,"15":0,"16":0,"17":0,"18":0,"19":0,"20":0,"21":0,"22":0,"23":0,"24":0,"25":0,"26":0,"27":0,"28":0,"29":0,"30":0,"31":0,"32":0,"33":0,"34":0,"35":0,"36":0,"37":0,"38":0,"39":0,"40":1},"f":{"0":0,"1":0,"2":0,"3":0,"4":0,"5":0,"6":0,"7":0,"8":0,"9":0},"b":{"0":[0,0],"1":[0,0],"2":[0,0],"3":[0,0],"4":[0,0],"5":[0,0],"6":[0,0],"7":[0,0],"8":[0,0],"9":[0,0]},"_coverageSchema":"1a1c01bbd47fc00a2c39e90264f33305004495a9","hash":"db0f7258472fb92a66498a9fc506f0d0af67322f"}
,"C:\\Users\\aro3o1\\repos\\vteam\\backend\\models\\zone.js": {"path":"C:\\Users\\aro3o1\\repos\\vteam\\backend\\models\\zone.js","statementMap":{"0":{"start":{"line":1,"column":17},"end":{"line":1,"column":56}},"1":{"start":{"line":7,"column":18},"end":{"line":155,"column":1}},"2":{"start":{"line":15,"column":20},"end":{"line":15,"column":41}},"3":{"start":{"line":17,"column":8},"end":{"line":20,"column":11}},"4":{"start":{"line":18,"column":12},"end":{"line":18,"column":35}},"5":{"start":{"line":18,"column":23},"end":{"line":18,"column":35}},"6":{"start":{"line":19,"column":12},"end":{"line":19,"column":30}},"7":{"start":{"line":30,"column":20},"end":{"line":32,"column":47}},"8":{"start":{"line":34,"column":8},"end":{"line":37,"column":11}},"9":{"start":{"line":35,"column":12},"end":{"line":35,"column":35}},"10":{"start":{"line":35,"column":23},"end":{"line":35,"column":35}},"11":{"start":{"line":36,"column":12},"end":{"line":36,"column":30}},"12":{"start":{"line":47,"column":20},"end":{"line":47,"column":83}},"13":{"start":{"line":48,"column":8},"end":{"line":51,"column":11}},"14":{"start":{"line":49,"column":12},"end":{"line":49,"column":35}},"15":{"start":{"line":49,"column":23},"end":{"line":49,"column":35}},"16":{"start":{"line":50,"column":12},"end":{"line":50,"column":30}},"17":{"start":{"line":61,"column":20},"end":{"line":61,"column":89}},"18":{"start":{"line":62,"column":8},"end":{"line":65,"column":11}},"19":{"start":{"line":63,"column":12},"end":{"line":63,"column":35}},"20":{"start":{"line":63,"column":23},"end":{"line":63,"column":35}},"21":{"start":{"line":64,"column":12},"end":{"line":64,"column":30}},"22":{"start":{"line":69,"column":20},"end":{"line":69,"column":95}},"23":{"start":{"line":70,"column":8},"end":{"line":73,"column":11}},"24":{"start":{"line":71,"column":12},"end":{"line":71,"column":35}},"25":{"start":{"line":71,"column":23},"end":{"line":71,"column":35}},"26":{"start":{"line":72,"column":12},"end":{"line":72,"column":30}},"27":{"start":{"line":77,"column":20},"end":{"line":77,"column":73}},"28":{"start":{"line":78,"column":8},"end":{"line":81,"column":11}},"29":{"start":{"line":79,"column":12},"end":{"line":79,"column":35}},"30":{"start":{"line":79,"column":23},"end":{"line":79,"column":35}},"31":{"start":{"line":80,"column":12},"end":{"line":80,"column":30}},"32":{"start":{"line":90,"column":20},"end":{"line":90,"column":91}},"33":{"start":{"line":91,"column":23},"end":{"line":91,"column":87}},"34":{"start":{"line":92,"column":8},"end":{"line":92,"column":28}},"35":{"start":{"line":93,"column":8},"end":{"line":101,"column":11}},"36":{"start":{"line":94,"column":12},"end":{"line":98,"column":13}},"37":{"start":{"line":95,"column":16},"end":{"line":95,"column":47}},"38":{"start":{"line":96,"column":16},"end":{"line":96,"column":73}},"39":{"start":{"line":97,"column":16},"end":{"line":97,"column":23}},"40":{"start":{"line":99,"column":12},"end":{"line":99,"column":96}},"41":{"start":{"line":100,"column":12},"end":{"line":100,"column":85}},"42":{"start":{"line":112,"column":20},"end":{"line":117,"column":47}},"43":{"start":{"line":119,"column":23},"end":{"line":126,"column":9}},"44":{"start":{"line":128,"column":8},"end":{"line":136,"column":11}},"45":{"start":{"line":129,"column":12},"end":{"line":133,"column":13}},"46":{"start":{"line":130,"column":16},"end":{"line":130,"column":47}},"47":{"start":{"line":131,"column":16},"end":{"line":131,"column":73}},"48":{"start":{"line":132,"column":16},"end":{"line":132,"column":23}},"49":{"start":{"line":134,"column":12},"end":{"line":134,"column":75}},"50":{"start":{"line":135,"column":12},"end":{"line":135,"column":54}},"51":{"start":{"line":145,"column":20},"end":{"line":145,"column":56}},"52":{"start":{"line":146,"column":8},"end":{"line":153,"column":11}},"53":{"start":{"line":147,"column":12},"end":{"line":151,"column":13}},"54":{"start":{"line":148,"column":16},"end":{"line":148,"column":47}},"55":{"start":{"line":149,"column":16},"end":{"line":149,"column":73}},"56":{"start":{"line":150,"column":16},"end":{"line":150,"column":23}},"57":{"start":{"line":152,"column":12},"end":{"line":152,"column":63}},"58":{"start":{"line":157,"column":0},"end":{"line":157,"column":27}}},"fnMap":{"0":{"name":"(anonymous_0)","decl":{"start":{"line":14,"column":12},"end":{"line":14,"column":13}},"loc":{"start":{"line":14,"column":27},"end":{"line":21,"column":5}},"line":14},"1":{"name":"(anonymous_1)","decl":{"start":{"line":17,"column":26},"end":{"line":17,"column":27}},"loc":{"start":{"line":17,"column":60},"end":{"line":20,"column":9}},"line":17},"2":{"name":"(anonymous_2)","decl":{"start":{"line":29,"column":12},"end":{"line":29,"column":13}},"loc":{"start":{"line":29,"column":39},"end":{"line":38,"column":5}},"line":29},"3":{"name":"(anonymous_3)","decl":{"start":{"line":34,"column":52},"end":{"line":34,"column":53}},"loc":{"start":{"line":34,"column":86},"end":{"line":37,"column":9}},"line":34},"4":{"name":"(anonymous_4)","decl":{"start":{"line":46,"column":18},"end":{"line":46,"column":19}},"loc":{"start":{"line":46,"column":39},"end":{"line":52,"column":5}},"line":46},"5":{"name":"(anonymous_5)","decl":{"start":{"line":48,"column":34},"end":{"line":48,"column":35}},"loc":{"start":{"line":48,"column":60},"end":{"line":51,"column":9}},"line":48},"6":{"name":"(anonymous_6)","decl":{"start":{"line":60,"column":18},"end":{"line":60,"column":19}},"loc":{"start":{"line":60,"column":39},"end":{"line":66,"column":5}},"line":60},"7":{"name":"(anonymous_7)","decl":{"start":{"line":62,"column":34},"end":{"line":62,"column":35}},"loc":{"start":{"line":62,"column":60},"end":{"line":65,"column":9}},"line":62},"8":{"name":"(anonymous_8)","decl":{"start":{"line":68,"column":24},"end":{"line":68,"column":25}},"loc":{"start":{"line":68,"column":45},"end":{"line":74,"column":5}},"line":68},"9":{"name":"(anonymous_9)","decl":{"start":{"line":70,"column":34},"end":{"line":70,"column":35}},"loc":{"start":{"line":70,"column":60},"end":{"line":73,"column":9}},"line":70},"10":{"name":"(anonymous_10)","decl":{"start":{"line":76,"column":24},"end":{"line":76,"column":25}},"loc":{"start":{"line":76,"column":39},"end":{"line":82,"column":5}},"line":76},"11":{"name":"(anonymous_11)","decl":{"start":{"line":78,"column":26},"end":{"line":78,"column":27}},"loc":{"start":{"line":78,"column":52},"end":{"line":81,"column":9}},"line":78},"12":{"name":"(anonymous_12)","decl":{"start":{"line":89,"column":12},"end":{"line":89,"column":13}},"loc":{"start":{"line":89,"column":33},"end":{"line":102,"column":5}},"line":89},"13":{"name":"(anonymous_13)","decl":{"start":{"line":93,"column":34},"end":{"line":93,"column":35}},"loc":{"start":{"line":93,"column":51},"end":{"line":101,"column":9}},"line":93},"14":{"name":"(anonymous_14)","decl":{"start":{"line":111,"column":12},"end":{"line":111,"column":13}},"loc":{"start":{"line":111,"column":45},"end":{"line":137,"column":5}},"line":111},"15":{"name":"(anonymous_15)","decl":{"start":{"line":128,"column":34},"end":{"line":128,"column":35}},"loc":{"start":{"line":128,"column":60},"end":{"line":136,"column":9}},"line":128},"16":{"name":"(anonymous_16)","decl":{"start":{"line":144,"column":12},"end":{"line":144,"column":13}},"loc":{"start":{"line":144,"column":35},"end":{"line":154,"column":5}},"line":144},"17":{"name":"(anonymous_17)","decl":{"start":{"line":146,"column":36},"end":{"line":146,"column":37}},"loc":{"start":{"line":146,"column":62},"end":{"line":153,"column":9}},"line":146}},"branchMap":{"0":{"loc":{"start":{"line":18,"column":12},"end":{"line":18,"column":35}},"type":"if","locations":[{"start":{"line":18,"column":12},"end":{"line":18,"column":35}},{"start":{},"end":{}}],"line":18},"1":{"loc":{"start":{"line":35,"column":12},"end":{"line":35,"column":35}},"type":"if","locations":[{"start":{"line":35,"column":12},"end":{"line":35,"column":35}},{"start":{},"end":{}}],"line":35},"2":{"loc":{"start":{"line":49,"column":12},"end":{"line":49,"column":35}},"type":"if","locations":[{"start":{"line":49,"column":12},"end":{"line":49,"column":35}},{"start":{},"end":{}}],"line":49},"3":{"loc":{"start":{"line":63,"column":12},"end":{"line":63,"column":35}},"type":"if","locations":[{"start":{"line":63,"column":12},"end":{"line":63,"column":35}},{"start":{},"end":{}}],"line":63},"4":{"loc":{"start":{"line":71,"column":12},"end":{"line":71,"column":35}},"type":"if","locations":[{"start":{"line":71,"column":12},"end":{"line":71,"column":35}},{"start":{},"end":{}}],"line":71},"5":{"loc":{"start":{"line":79,"column":12},"end":{"line":79,"column":35}},"type":"if","locations":[{"start":{"line":79,"column":12},"end":{"line":79,"column":35}},{"start":{},"end":{}}],"line":79},"6":{"loc":{"start":{"line":94,"column":12},"end":{"line":98,"column":13}},"type":"if","locations":[{"start":{"line":94,"column":12},"end":{"line":98,"column":13}},{"start":{},"end":{}}],"line":94},"7":{"loc":{"start":{"line":120,"column":12},"end":{"line":120,"column":34}},"type":"binary-expr","locations":[{"start":{"line":120,"column":12},"end":{"line":120,"column":26}},{"start":{"line":120,"column":30},"end":{"line":120,"column":34}}],"line":120},"8":{"loc":{"start":{"line":121,"column":12},"end":{"line":121,"column":31}},"type":"binary-expr","locations":[{"start":{"line":121,"column":12},"end":{"line":121,"column":23}},{"start":{"line":121,"column":27},"end":{"line":121,"column":31}}],"line":121},"9":{"loc":{"start":{"line":122,"column":12},"end":{"line":122,"column":36}},"type":"binary-expr","locations":[{"start":{"line":122,"column":12},"end":{"line":122,"column":28}},{"start":{"line":122,"column":32},"end":{"line":122,"column":36}}],"line":122},"10":{"loc":{"start":{"line":123,"column":12},"end":{"line":123,"column":33}},"type":"binary-expr","locations":[{"start":{"line":123,"column":12},"end":{"line":123,"column":25}},{"start":{"line":123,"column":29},"end":{"line":123,"column":33}}],"line":123},"11":{"loc":{"start":{"line":129,"column":12},"end":{"line":133,"column":13}},"type":"if","locations":[{"start":{"line":129,"column":12},"end":{"line":133,"column":13}},{"start":{},"end":{}}],"line":129},"12":{"loc":{"start":{"line":147,"column":12},"end":{"line":151,"column":13}},"type":"if","locations":[{"start":{"line":147,"column":12},"end":{"line":151,"column":13}},{"start":{},"end":{}}],"line":147}},"s":{"0":1,"1":1,"2":0,"3":0,"4":0,"5":0,"6":0,"7":0,"8":0,"9":0,"10":0,"11":0,"12":0,"13":0,"14":0,"15":0,"16":0,"17":0,"18":0,"19":0,"20":0,"21":0,"22":0,"23":0,"24":0,"25":0,"26":0,"27":0,"28":0,"29":0,"30":0,"31":0,"32":0,"33":0,"34":0,"35":0,"36":0,"37":0,"38":0,"39":0,"40":0,"41":0,"42":0,"43":0,"44":0,"45":0,"46":0,"47":0,"48":0,"49":0,"50":0,"51":0,"52":0,"53":0,"54":0,"55":0,"56":0,"57":0,"58":1},"f":{"0":0,"1":0,"2":0,"3":0,"4":0,"5":0,"6":0,"7":0,"8":0,"9":0,"10":0,"11":0,"12":0,"13":0,"14":0,"15":0,"16":0,"17":0},"b":{"0":[0,0],"1":[0,0],"2":[0,0],"3":[0,0],"4":[0,0],"5":[0,0],"6":[0,0],"7":[0,0],"8":[0,0],"9":[0,0],"10":[0,0],"11":[0,0],"12":[0,0]},"_coverageSchema":"1a1c01bbd47fc00a2c39e90264f33305004495a9","hash":"a9274bae9b4810a5a133aead971df7c35d758a09"}
,"C:\\Users\\aro3o1\\repos\\vteam\\backend\\routes\\auth.js": {"path":"C:\\Users\\aro3o1\\repos\\vteam\\backend\\routes\\auth.js","statementMap":{"0":{"start":{"line":1,"column":16},"end":{"line":1,"column":34}},"1":{"start":{"line":2,"column":15},"end":{"line":2,"column":31}},"2":{"start":{"line":3,"column":23},"end":{"line":3,"column":48}},"3":{"start":{"line":4,"column":19},"end":{"line":4,"column":35}},"4":{"start":{"line":5,"column":17},"end":{"line":5,"column":36}},"5":{"start":{"line":6,"column":0},"end":{"line":6,"column":22}},"6":{"start":{"line":8,"column":0},"end":{"line":11,"column":3}},"7":{"start":{"line":9,"column":4},"end":{"line":9,"column":148}},"8":{"start":{"line":10,"column":4},"end":{"line":10,"column":68}},"9":{"start":{"line":13,"column":0},"end":{"line":18,"column":7}},"10":{"start":{"line":16,"column":22},"end":{"line":16,"column":37}},"11":{"start":{"line":17,"column":8},"end":{"line":17,"column":62}},"12":{"start":{"line":21,"column":0},"end":{"line":21,"column":24}}},"fnMap":{"0":{"name":"(anonymous_0)","decl":{"start":{"line":8,"column":28},"end":{"line":8,"column":29}},"loc":{"start":{"line":8,"column":42},"end":{"line":11,"column":1}},"line":8},"1":{"name":"(anonymous_1)","decl":{"start":{"line":15,"column":4},"end":{"line":15,"column":5}},"loc":{"start":{"line":15,"column":23},"end":{"line":18,"column":5}},"line":15}},"branchMap":{},"s":{"0":1,"1":1,"2":1,"3":1,"4":1,"5":1,"6":1,"7":0,"8":0,"9":1,"10":0,"11":0,"12":1},"f":{"0":0,"1":0},"b":{},"_coverageSchema":"1a1c01bbd47fc00a2c39e90264f33305004495a9","hash":"25809a34ac191754b2903b9dda7372fd85353bc2"}
,"C:\\Users\\aro3o1\\repos\\vteam\\backend\\routes\\city.js": {"path":"C:\\Users\\aro3o1\\repos\\vteam\\backend\\routes\\city.js","statementMap":{"0":{"start":{"line":1,"column":16},"end":{"line":1,"column":34}},"1":{"start":{"line":2,"column":15},"end":{"line":2,"column":31}},"2":{"start":{"line":3,"column":16},"end":{"line":3,"column":34}},"3":{"start":{"line":4,"column":18},"end":{"line":4,"column":43}},"4":{"start":{"line":6,"column":0},"end":{"line":6,"column":27}},"5":{"start":{"line":11,"column":0},"end":{"line":11,"column":53}},"6":{"start":{"line":11,"column":30},"end":{"line":11,"column":51}},"7":{"start":{"line":12,"column":0},"end":{"line":12,"column":79}},"8":{"start":{"line":12,"column":37},"end":{"line":12,"column":77}},"9":{"start":{"line":13,"column":0},"end":{"line":13,"column":59}},"10":{"start":{"line":13,"column":31},"end":{"line":13,"column":57}},"11":{"start":{"line":14,"column":0},"end":{"line":14,"column":89}},"12":{"start":{"line":14,"column":37},"end":{"line":14,"column":87}},"13":{"start":{"line":15,"column":0},"end":{"line":15,"column":82}},"14":{"start":{"line":15,"column":40},"end":{"line":15,"column":80}},"15":{"start":{"line":20,"column":0},"end":{"line":20,"column":24}}},"fnMap":{"0":{"name":"(anonymous_0)","decl":{"start":{"line":11,"column":16},"end":{"line":11,"column":17}},"loc":{"start":{"line":11,"column":30},"end":{"line":11,"column":51}},"line":11},"1":{"name":"(anonymous_1)","decl":{"start":{"line":12,"column":23},"end":{"line":12,"column":24}},"loc":{"start":{"line":12,"column":37},"end":{"line":12,"column":77}},"line":12},"2":{"name":"(anonymous_2)","decl":{"start":{"line":13,"column":17},"end":{"line":13,"column":18}},"loc":{"start":{"line":13,"column":31},"end":{"line":13,"column":57}},"line":13},"3":{"name":"(anonymous_3)","decl":{"start":{"line":14,"column":23},"end":{"line":14,"column":24}},"loc":{"start":{"line":14,"column":37},"end":{"line":14,"column":87}},"line":14},"4":{"name":"(anonymous_4)","decl":{"start":{"line":15,"column":26},"end":{"line":15,"column":27}},"loc":{"start":{"line":15,"column":40},"end":{"line":15,"column":80}},"line":15}},"branchMap":{},"s":{"0":1,"1":1,"2":1,"3":1,"4":1,"5":1,"6":1,"7":1,"8":1,"9":1,"10":1,"11":1,"12":0,"13":1,"14":1,"15":1},"f":{"0":1,"1":1,"2":1,"3":0,"4":1},"b":{},"_coverageSchema":"1a1c01bbd47fc00a2c39e90264f33305004495a9","hash":"db40b9e1f45678e1b8e4bccd329eb8b229653c33"}
,"C:\\Users\\aro3o1\\repos\\vteam\\backend\\routes\\log.js": {"path":"C:\\Users\\aro3o1\\repos\\vteam\\backend\\routes\\log.js","statementMap":{"0":{"start":{"line":1,"column":16},"end":{"line":1,"column":34}},"1":{"start":{"line":2,"column":15},"end":{"line":2,"column":31}},"2":{"start":{"line":3,"column":17},"end":{"line":3,"column":41}},"3":{"start":{"line":7,"column":0},"end":{"line":7,"column":52}},"4":{"start":{"line":7,"column":30},"end":{"line":7,"column":50}},"5":{"start":{"line":8,"column":0},"end":{"line":8,"column":80}},"6":{"start":{"line":8,"column":36},"end":{"line":8,"column":78}},"7":{"start":{"line":9,"column":0},"end":{"line":9,"column":63}},"8":{"start":{"line":9,"column":31},"end":{"line":9,"column":61}},"9":{"start":{"line":10,"column":0},"end":{"line":10,"column":86}},"10":{"start":{"line":10,"column":36},"end":{"line":10,"column":84}},"11":{"start":{"line":11,"column":0},"end":{"line":11,"column":79}},"12":{"start":{"line":11,"column":39},"end":{"line":11,"column":77}},"13":{"start":{"line":16,"column":0},"end":{"line":16,"column":24}}},"fnMap":{"0":{"name":"(anonymous_0)","decl":{"start":{"line":7,"column":16},"end":{"line":7,"column":17}},"loc":{"start":{"line":7,"column":30},"end":{"line":7,"column":50}},"line":7},"1":{"name":"(anonymous_1)","decl":{"start":{"line":8,"column":22},"end":{"line":8,"column":23}},"loc":{"start":{"line":8,"column":36},"end":{"line":8,"column":78}},"line":8},"2":{"name":"(anonymous_2)","decl":{"start":{"line":9,"column":17},"end":{"line":9,"column":18}},"loc":{"start":{"line":9,"column":31},"end":{"line":9,"column":61}},"line":9},"3":{"name":"(anonymous_3)","decl":{"start":{"line":10,"column":22},"end":{"line":10,"column":23}},"loc":{"start":{"line":10,"column":36},"end":{"line":10,"column":84}},"line":10},"4":{"name":"(anonymous_4)","decl":{"start":{"line":11,"column":25},"end":{"line":11,"column":26}},"loc":{"start":{"line":11,"column":39},"end":{"line":11,"column":77}},"line":11}},"branchMap":{},"s":{"0":1,"1":1,"2":1,"3":1,"4":0,"5":1,"6":0,"7":1,"8":0,"9":1,"10":0,"11":1,"12":0,"13":1},"f":{"0":0,"1":0,"2":0,"3":0,"4":0},"b":{},"_coverageSchema":"1a1c01bbd47fc00a2c39e90264f33305004495a9","hash":"c26c2c98024e83c05b31f7ed83be840e1289ba24"}
,"C:\\Users\\aro3o1\\repos\\vteam\\backend\\routes\\scooter.js": {"path":"C:\\Users\\aro3o1\\repos\\vteam\\backend\\routes\\scooter.js","statementMap":{"0":{"start":{"line":1,"column":16},"end":{"line":1,"column":34}},"1":{"start":{"line":2,"column":15},"end":{"line":2,"column":31}},"2":{"start":{"line":3,"column":21},"end":{"line":3,"column":49}},"3":{"start":{"line":5,"column":0},"end":{"line":5,"column":27}},"4":{"start":{"line":7,"column":0},"end":{"line":7,"column":56}},"5":{"start":{"line":7,"column":30},"end":{"line":7,"column":54}},"6":{"start":{"line":8,"column":0},"end":{"line":8,"column":80}},"7":{"start":{"line":8,"column":40},"end":{"line":8,"column":78}},"8":{"start":{"line":9,"column":0},"end":{"line":9,"column":94}},"9":{"start":{"line":9,"column":39},"end":{"line":9,"column":92}},"10":{"start":{"line":10,"column":0},"end":{"line":10,"column":74}},"11":{"start":{"line":10,"column":39},"end":{"line":10,"column":72}},"12":{"start":{"line":11,"column":0},"end":{"line":11,"column":91}},"13":{"start":{"line":11,"column":40},"end":{"line":11,"column":89}},"14":{"start":{"line":12,"column":0},"end":{"line":12,"column":88}},"15":{"start":{"line":12,"column":40},"end":{"line":12,"column":86}},"16":{"start":{"line":13,"column":0},"end":{"line":13,"column":67}},"17":{"start":{"line":13,"column":31},"end":{"line":13,"column":65}},"18":{"start":{"line":14,"column":0},"end":{"line":14,"column":98}},"19":{"start":{"line":14,"column":40},"end":{"line":14,"column":96}},"20":{"start":{"line":15,"column":0},"end":{"line":15,"column":74}},"21":{"start":{"line":15,"column":30},"end":{"line":15,"column":72}},"22":{"start":{"line":16,"column":0},"end":{"line":16,"column":62}},"23":{"start":{"line":16,"column":33},"end":{"line":16,"column":60}},"24":{"start":{"line":17,"column":0},"end":{"line":17,"column":91}},"25":{"start":{"line":17,"column":43},"end":{"line":17,"column":89}},"26":{"start":{"line":20,"column":0},"end":{"line":20,"column":24}}},"fnMap":{"0":{"name":"(anonymous_0)","decl":{"start":{"line":7,"column":16},"end":{"line":7,"column":17}},"loc":{"start":{"line":7,"column":30},"end":{"line":7,"column":54}},"line":7},"1":{"name":"(anonymous_1)","decl":{"start":{"line":8,"column":26},"end":{"line":8,"column":27}},"loc":{"start":{"line":8,"column":40},"end":{"line":8,"column":78}},"line":8},"2":{"name":"(anonymous_2)","decl":{"start":{"line":9,"column":25},"end":{"line":9,"column":26}},"loc":{"start":{"line":9,"column":39},"end":{"line":9,"column":92}},"line":9},"3":{"name":"(anonymous_3)","decl":{"start":{"line":10,"column":25},"end":{"line":10,"column":26}},"loc":{"start":{"line":10,"column":39},"end":{"line":10,"column":72}},"line":10},"4":{"name":"(anonymous_4)","decl":{"start":{"line":11,"column":26},"end":{"line":11,"column":27}},"loc":{"start":{"line":11,"column":40},"end":{"line":11,"column":89}},"line":11},"5":{"name":"(anonymous_5)","decl":{"start":{"line":12,"column":26},"end":{"line":12,"column":27}},"loc":{"start":{"line":12,"column":40},"end":{"line":12,"column":86}},"line":12},"6":{"name":"(anonymous_6)","decl":{"start":{"line":13,"column":17},"end":{"line":13,"column":18}},"loc":{"start":{"line":13,"column":31},"end":{"line":13,"column":65}},"line":13},"7":{"name":"(anonymous_7)","decl":{"start":{"line":14,"column":26},"end":{"line":14,"column":27}},"loc":{"start":{"line":14,"column":40},"end":{"line":14,"column":96}},"line":14},"8":{"name":"(anonymous_8)","decl":{"start":{"line":15,"column":16},"end":{"line":15,"column":17}},"loc":{"start":{"line":15,"column":30},"end":{"line":15,"column":72}},"line":15},"9":{"name":"(anonymous_9)","decl":{"start":{"line":16,"column":19},"end":{"line":16,"column":20}},"loc":{"start":{"line":16,"column":33},"end":{"line":16,"column":60}},"line":16},"10":{"name":"(anonymous_10)","decl":{"start":{"line":17,"column":29},"end":{"line":17,"column":30}},"loc":{"start":{"line":17,"column":43},"end":{"line":17,"column":89}},"line":17}},"branchMap":{},"s":{"0":1,"1":1,"2":1,"3":1,"4":1,"5":1,"6":1,"7":0,"8":1,"9":0,"10":1,"11":0,"12":1,"13":0,"14":1,"15":1,"16":1,"17":3,"18":1,"19":1,"20":1,"21":0,"22":1,"23":1,"24":1,"25":1,"26":1},"f":{"0":1,"1":0,"2":0,"3":0,"4":0,"5":1,"6":3,"7":1,"8":0,"9":1,"10":1},"b":{},"_coverageSchema":"1a1c01bbd47fc00a2c39e90264f33305004495a9","hash":"fbffda96cffdef6c4bf6c6c1b9dcb1e72a81a0e8"}
,"C:\\Users\\aro3o1\\repos\\vteam\\backend\\routes\\user.js": {"path":"C:\\Users\\aro3o1\\repos\\vteam\\backend\\routes\\user.js","statementMap":{"0":{"start":{"line":1,"column":16},"end":{"line":1,"column":34}},"1":{"start":{"line":2,"column":15},"end":{"line":2,"column":31}},"2":{"start":{"line":3,"column":18},"end":{"line":3,"column":43}},"3":{"start":{"line":4,"column":0},"end":{"line":4,"column":53}},"4":{"start":{"line":4,"column":30},"end":{"line":4,"column":51}},"5":{"start":{"line":5,"column":0},"end":{"line":5,"column":79}},"6":{"start":{"line":5,"column":37},"end":{"line":5,"column":77}},"7":{"start":{"line":6,"column":0},"end":{"line":6,"column":117}},"8":{"start":{"line":6,"column":51},"end":{"line":6,"column":115}},"9":{"start":{"line":7,"column":0},"end":{"line":7,"column":59}},"10":{"start":{"line":7,"column":31},"end":{"line":7,"column":57}},"11":{"start":{"line":8,"column":0},"end":{"line":8,"column":89}},"12":{"start":{"line":8,"column":37},"end":{"line":8,"column":87}},"13":{"start":{"line":9,"column":0},"end":{"line":9,"column":82}},"14":{"start":{"line":9,"column":40},"end":{"line":9,"column":80}},"15":{"start":{"line":10,"column":0},"end":{"line":10,"column":107}},"16":{"start":{"line":10,"column":46},"end":{"line":10,"column":105}},"17":{"start":{"line":11,"column":0},"end":{"line":11,"column":113}},"18":{"start":{"line":11,"column":49},"end":{"line":11,"column":111}},"19":{"start":{"line":12,"column":0},"end":{"line":12,"column":15}},"20":{"start":{"line":14,"column":0},"end":{"line":14,"column":24}}},"fnMap":{"0":{"name":"(anonymous_0)","decl":{"start":{"line":4,"column":16},"end":{"line":4,"column":17}},"loc":{"start":{"line":4,"column":30},"end":{"line":4,"column":51}},"line":4},"1":{"name":"(anonymous_1)","decl":{"start":{"line":5,"column":23},"end":{"line":5,"column":24}},"loc":{"start":{"line":5,"column":37},"end":{"line":5,"column":77}},"line":5},"2":{"name":"(anonymous_2)","decl":{"start":{"line":6,"column":37},"end":{"line":6,"column":38}},"loc":{"start":{"line":6,"column":51},"end":{"line":6,"column":115}},"line":6},"3":{"name":"(anonymous_3)","decl":{"start":{"line":7,"column":17},"end":{"line":7,"column":18}},"loc":{"start":{"line":7,"column":31},"end":{"line":7,"column":57}},"line":7},"4":{"name":"(anonymous_4)","decl":{"start":{"line":8,"column":23},"end":{"line":8,"column":24}},"loc":{"start":{"line":8,"column":37},"end":{"line":8,"column":87}},"line":8},"5":{"name":"(anonymous_5)","decl":{"start":{"line":9,"column":26},"end":{"line":9,"column":27}},"loc":{"start":{"line":9,"column":40},"end":{"line":9,"column":80}},"line":9},"6":{"name":"(anonymous_6)","decl":{"start":{"line":10,"column":32},"end":{"line":10,"column":33}},"loc":{"start":{"line":10,"column":46},"end":{"line":10,"column":105}},"line":10},"7":{"name":"(anonymous_7)","decl":{"start":{"line":11,"column":35},"end":{"line":11,"column":36}},"loc":{"start":{"line":11,"column":49},"end":{"line":11,"column":111}},"line":11}},"branchMap":{},"s":{"0":1,"1":1,"2":1,"3":1,"4":1,"5":1,"6":1,"7":1,"8":0,"9":1,"10":1,"11":1,"12":1,"13":1,"14":1,"15":1,"16":0,"17":1,"18":0,"19":1,"20":1},"f":{"0":1,"1":1,"2":0,"3":1,"4":1,"5":1,"6":0,"7":0},"b":{},"_coverageSchema":"1a1c01bbd47fc00a2c39e90264f33305004495a9","hash":"698885e4371268f742129d907f25e9a50912393e"}
,"C:\\Users\\aro3o1\\repos\\vteam\\backend\\routes\\userToBike.js": {"path":"C:\\Users\\aro3o1\\repos\\vteam\\backend\\routes\\userToBike.js","statementMap":{"0":{"start":{"line":1,"column":16},"end":{"line":1,"column":34}},"1":{"start":{"line":2,"column":15},"end":{"line":2,"column":31}},"2":{"start":{"line":3,"column":24},"end":{"line":3,"column":55}},"3":{"start":{"line":5,"column":0},"end":{"line":5,"column":59}},"4":{"start":{"line":5,"column":30},"end":{"line":5,"column":57}},"5":{"start":{"line":6,"column":0},"end":{"line":6,"column":97}},"6":{"start":{"line":6,"column":43},"end":{"line":6,"column":95}},"7":{"start":{"line":7,"column":0},"end":{"line":7,"column":70}},"8":{"start":{"line":7,"column":31},"end":{"line":7,"column":68}},"9":{"start":{"line":8,"column":0},"end":{"line":8,"column":107}},"10":{"start":{"line":8,"column":43},"end":{"line":8,"column":105}},"11":{"start":{"line":9,"column":0},"end":{"line":9,"column":100}},"12":{"start":{"line":9,"column":46},"end":{"line":9,"column":98}},"13":{"start":{"line":11,"column":0},"end":{"line":11,"column":24}}},"fnMap":{"0":{"name":"(anonymous_0)","decl":{"start":{"line":5,"column":16},"end":{"line":5,"column":17}},"loc":{"start":{"line":5,"column":30},"end":{"line":5,"column":57}},"line":5},"1":{"name":"(anonymous_1)","decl":{"start":{"line":6,"column":29},"end":{"line":6,"column":30}},"loc":{"start":{"line":6,"column":43},"end":{"line":6,"column":95}},"line":6},"2":{"name":"(anonymous_2)","decl":{"start":{"line":7,"column":17},"end":{"line":7,"column":18}},"loc":{"start":{"line":7,"column":31},"end":{"line":7,"column":68}},"line":7},"3":{"name":"(anonymous_3)","decl":{"start":{"line":8,"column":29},"end":{"line":8,"column":30}},"loc":{"start":{"line":8,"column":43},"end":{"line":8,"column":105}},"line":8},"4":{"name":"(anonymous_4)","decl":{"start":{"line":9,"column":32},"end":{"line":9,"column":33}},"loc":{"start":{"line":9,"column":46},"end":{"line":9,"column":98}},"line":9}},"branchMap":{},"s":{"0":1,"1":1,"2":1,"3":1,"4":0,"5":1,"6":0,"7":1,"8":0,"9":1,"10":0,"11":1,"12":0,"13":1},"f":{"0":0,"1":0,"2":0,"3":0,"4":0},"b":{},"_coverageSchema":"1a1c01bbd47fc00a2c39e90264f33305004495a9","hash":"7e8ffe71cff4fa78d5e4ad8eebf829ef3041ec3c"}
,"C:\\Users\\aro3o1\\repos\\vteam\\backend\\routes\\zone.js": {"path":"C:\\Users\\aro3o1\\repos\\vteam\\backend\\routes\\zone.js","statementMap":{"0":{"start":{"line":1,"column":16},"end":{"line":1,"column":34}},"1":{"start":{"line":2,"column":15},"end":{"line":2,"column":31}},"2":{"start":{"line":3,"column":18},"end":{"line":3,"column":43}},"3":{"start":{"line":5,"column":0},"end":{"line":5,"column":53}},"4":{"start":{"line":5,"column":30},"end":{"line":5,"column":51}},"5":{"start":{"line":6,"column":0},"end":{"line":6,"column":73}},"6":{"start":{"line":6,"column":38},"end":{"line":6,"column":71}},"7":{"start":{"line":7,"column":0},"end":{"line":7,"column":79}},"8":{"start":{"line":7,"column":37},"end":{"line":7,"column":77}},"9":{"start":{"line":8,"column":0},"end":{"line":8,"column":86}},"10":{"start":{"line":8,"column":40},"end":{"line":8,"column":84}},"11":{"start":{"line":9,"column":0},"end":{"line":9,"column":86}},"12":{"start":{"line":9,"column":40},"end":{"line":9,"column":84}},"13":{"start":{"line":10,"column":0},"end":{"line":10,"column":98}},"14":{"start":{"line":10,"column":46},"end":{"line":10,"column":96}},"15":{"start":{"line":11,"column":0},"end":{"line":11,"column":59}},"16":{"start":{"line":11,"column":31},"end":{"line":11,"column":57}},"17":{"start":{"line":12,"column":0},"end":{"line":12,"column":89}},"18":{"start":{"line":12,"column":37},"end":{"line":12,"column":87}},"19":{"start":{"line":13,"column":0},"end":{"line":13,"column":82}},"20":{"start":{"line":13,"column":40},"end":{"line":13,"column":80}},"21":{"start":{"line":15,"column":0},"end":{"line":15,"column":24}}},"fnMap":{"0":{"name":"(anonymous_0)","decl":{"start":{"line":5,"column":16},"end":{"line":5,"column":17}},"loc":{"start":{"line":5,"column":30},"end":{"line":5,"column":51}},"line":5},"1":{"name":"(anonymous_1)","decl":{"start":{"line":6,"column":24},"end":{"line":6,"column":25}},"loc":{"start":{"line":6,"column":38},"end":{"line":6,"column":71}},"line":6},"2":{"name":"(anonymous_2)","decl":{"start":{"line":7,"column":23},"end":{"line":7,"column":24}},"loc":{"start":{"line":7,"column":37},"end":{"line":7,"column":77}},"line":7},"3":{"name":"(anonymous_3)","decl":{"start":{"line":8,"column":26},"end":{"line":8,"column":27}},"loc":{"start":{"line":8,"column":40},"end":{"line":8,"column":84}},"line":8},"4":{"name":"(anonymous_4)","decl":{"start":{"line":9,"column":26},"end":{"line":9,"column":27}},"loc":{"start":{"line":9,"column":40},"end":{"line":9,"column":84}},"line":9},"5":{"name":"(anonymous_5)","decl":{"start":{"line":10,"column":32},"end":{"line":10,"column":33}},"loc":{"start":{"line":10,"column":46},"end":{"line":10,"column":96}},"line":10},"6":{"name":"(anonymous_6)","decl":{"start":{"line":11,"column":17},"end":{"line":11,"column":18}},"loc":{"start":{"line":11,"column":31},"end":{"line":11,"column":57}},"line":11},"7":{"name":"(anonymous_7)","decl":{"start":{"line":12,"column":23},"end":{"line":12,"column":24}},"loc":{"start":{"line":12,"column":37},"end":{"line":12,"column":87}},"line":12},"8":{"name":"(anonymous_8)","decl":{"start":{"line":13,"column":26},"end":{"line":13,"column":27}},"loc":{"start":{"line":13,"column":40},"end":{"line":13,"column":80}},"line":13}},"branchMap":{},"s":{"0":1,"1":1,"2":1,"3":1,"4":0,"5":1,"6":0,"7":1,"8":0,"9":1,"10":0,"11":1,"12":0,"13":1,"14":0,"15":1,"16":0,"17":1,"18":0,"19":1,"20":0,"21":1},"f":{"0":0,"1":0,"2":0,"3":0,"4":0,"5":0,"6":0,"7":0,"8":0},"b":{},"_coverageSchema":"1a1c01bbd47fc00a2c39e90264f33305004495a9","hash":"5e9cff408337a518d5baa8b69abf35b54a137be7"}
}
